---------------------------------------------------------------
[ 2019-09-10T21:57:04+08:00 ] 172.17.122.187 180.163.220.66 GET /user/index/login
[ info ] 39.97.187.185/user/index/login [运行时间：0.039766s][吞吐率：25.15req/s] [内存消耗：3,963.23kb] [文件加载：56]
[ info ] [ LANG ] /www/wwwroot/web/core/lang/zh-cn.php
[ info ] [ ROUTE ] array (
  'type' => 'module',
  'module' => 
  array (
    0 => 'user',
    1 => 'index',
    2 => 'login',
  ),
)
[ info ] [ HEADER ] array (
  'host' => '39.97.187.185',
  'connection' => 'keep-alive',
  'pragma' => 'no-cache',
  'cache-control' => 'no-cache',
  'upgrade-insecure-requests' => '1',
  'user-agent' => 'Mozilla/5.0 (Linux; U; Android 8.1.0; zh-CN; EML-AL00 Build/HUAWEIEML-AL00) AppleWebKit/537.36 (KHTML, like Gecko) Version/4.0 Chrome/57.0.2987.108 baidu.sogo.uc.UCBrowser/11.9.4.974 UWS/2.13.1.48 Mobile Safari/537.36 AliApp(DingTalk/4.5.11) com.alibaba.android.rimet/10487439 Channel/227200 language/zh-CN',
  'accept' => 'text/html,application/xhtml+xml,application/xml;q=0.9,image/webp,image/apng,*/*;q=0.8',
  'referer' => 'http://www.baidu.com/',
  'accept-encoding' => 'gzip, deflate',
  'cookie' => 'PHPSESSID=5r0kh5qv4kjemod3fupjko2gq7',
  'content-type' => '',
  'content-length' => '',
)
[ info ] [ PARAM ] array (
)
[ info ] [ CACHE ] INIT File
[ info ] [ DB ] INIT mysql
[ info ] [ SESSION ] INIT array (
  'prefix' => 'user',
  'type' => '',
  'auto_start' => true,
)
[ info ] [ RUN ] app\user\controller\Index->login[ /www/wwwroot/web/application/user/controller/Index.php ]
[ info ] [ VIEW ] /www/wwwroot/web/application/user/view/index/login.html [ array (
  0 => 'request',
  1 => 'param',
  2 => 'userAgentType',
  3 => 'is_super',
  4 => 'allcinfig',
  5 => 'msgNum',
  6 => '__menu__',
  7 => 'meta_title',
) ]
[ info ] [ LOG ] INIT File
[ sql ] [ DB ] CONNECT:[ UseTime:0.000403s ] mysql:dbname=telrobot;host=127.0.0.1;port=3306;charset=utf8
[ sql ] [ SQL ] SHOW COLUMNS FROM `rk_config` [ RunTime:0.000810s ]
[ sql ] [ SQL ] SELECT `type`,`name`,`value` FROM `rk_config` WHERE  `status` = 1 [ RunTime:0.000526s ]
[ sql ] [ SQL ] SHOW COLUMNS FROM `rk_admin` [ RunTime:0.000782s ]
[ sql ] [ SQL ] SELECT `role_id`,`user_type` FROM `rk_admin` WHERE  `id` IS NULL LIMIT 1 [ RunTime:0.000200s ]
[ sql ] [ SQL ] SHOW COLUMNS FROM `rk_admin_role` [ RunTime:0.000577s ]
[ sql ] [ SQL ] SELECT `rule_items` FROM `rk_admin_role` WHERE  `id` IS NULL LIMIT 1 [ RunTime:0.000134s ]
[ sql ] [ SQL ] SHOW COLUMNS FROM `rk_menu` [ RunTime:0.000515s ]
[ sql ] [ SQL ] SELECT `id`,`title`,`pid`,`url` FROM `rk_menu` WHERE  `id` IN (0) [ RunTime:0.000237s ]
[ sql ] [ SQL ] SHOW COLUMNS FROM `rk_site` [ RunTime:0.000501s ]
[ sql ] [ SQL ] SELECT `logo`,`name` FROM `rk_site` WHERE  `domain` = 'http://39.97.187.185' LIMIT 1 [ RunTime:0.000254s ]
[ sql ] [ SQL ] SHOW COLUMNS FROM `rk_message` [ RunTime:0.000561s ]
[ sql ] [ SQL ] SELECT COUNT(id) AS tp_count FROM `rk_message` WHERE  `member_id` = null  AND `status` = 0 LIMIT 1 [ RunTime:0.000317s ]
[ sql ] [ SQL ] SELECT `id`,`title`,`url`,`icon`,`pid` FROM `rk_menu` WHERE  `hide` = 0  AND `type` = 'user'  AND `id` IN ('') ORDER BY sort asc [ RunTime:0.000272s ]
[ log ] ###user_id=time=2019-09-10 21:57:04function=user/index/login
---------------------------------------------------------------
[ 2019-09-10T21:57:04+08:00 ] 172.17.122.187 180.163.220.66 GET /user/index/verify
[ info ] 39.97.187.185/user/index/verify [运行时间：0.040418s][吞吐率：24.74req/s] [内存消耗：3,949.48kb] [文件加载：55]
[ info ] [ LANG ] /www/wwwroot/web/core/lang/zh-cn.php
[ info ] [ ROUTE ] array (
  'type' => 'module',
  'module' => 
  array (
    0 => 'user',
    1 => 'index',
    2 => 'verify',
  ),
)
[ info ] [ HEADER ] array (
  'host' => '39.97.187.185',
  'connection' => 'keep-alive',
  'user-agent' => 'Mozilla/5.0 (X11; Linux x86_64) AppleWebKit/537.36 (KHTML, like Gecko) HeadlessChrome/68.0.3427.1 Safari/537.36',
  'accept' => 'image/webp,image/apng,image/*,*/*;q=0.8',
  'referer' => 'http://39.97.187.185/user/index/login',
  'accept-encoding' => 'gzip, deflate',
  'content-type' => '',
  'content-length' => '',
)
[ info ] [ PARAM ] array (
)
[ info ] [ CACHE ] INIT File
[ info ] [ DB ] INIT mysql
[ info ] [ SESSION ] INIT array (
  'prefix' => 'user',
  'type' => '',
  'auto_start' => true,
)
[ info ] [ RUN ] app\common\controller\Base->verify[ /www/wwwroot/web/application/common/controller/Base.php ]
[ info ] [ LOG ] INIT File
[ sql ] [ DB ] CONNECT:[ UseTime:0.000472s ] mysql:dbname=telrobot;host=127.0.0.1;port=3306;charset=utf8
[ sql ] [ SQL ] SHOW COLUMNS FROM `rk_config` [ RunTime:0.000776s ]
[ sql ] [ SQL ] SELECT `type`,`name`,`value` FROM `rk_config` WHERE  `status` = 1 [ RunTime:0.000434s ]
[ sql ] [ SQL ] SHOW COLUMNS FROM `rk_admin` [ RunTime:0.000897s ]
[ sql ] [ SQL ] SELECT `role_id`,`user_type` FROM `rk_admin` WHERE  `id` IS NULL LIMIT 1 [ RunTime:0.000190s ]
[ sql ] [ SQL ] SHOW COLUMNS FROM `rk_admin_role` [ RunTime:0.000539s ]
[ sql ] [ SQL ] SELECT `rule_items` FROM `rk_admin_role` WHERE  `id` IS NULL LIMIT 1 [ RunTime:0.000129s ]
[ sql ] [ SQL ] SHOW COLUMNS FROM `rk_menu` [ RunTime:0.000507s ]
[ sql ] [ SQL ] SELECT `id`,`title`,`pid`,`url` FROM `rk_menu` WHERE  `id` IN (0) [ RunTime:0.000161s ]
[ sql ] [ SQL ] SHOW COLUMNS FROM `rk_site` [ RunTime:0.000468s ]
[ sql ] [ SQL ] SELECT `logo`,`name` FROM `rk_site` WHERE  `domain` = 'http://39.97.187.185' LIMIT 1 [ RunTime:0.000171s ]
[ sql ] [ SQL ] SHOW COLUMNS FROM `rk_message` [ RunTime:0.000430s ]
[ sql ] [ SQL ] SELECT COUNT(id) AS tp_count FROM `rk_message` WHERE  `member_id` = null  AND `status` = 0 LIMIT 1 [ RunTime:0.000278s ]
[ sql ] [ SQL ] SELECT `id`,`title`,`url`,`icon`,`pid` FROM `rk_menu` WHERE  `hide` = 0  AND `type` = 'user'  AND `id` IN ('') ORDER BY sort asc [ RunTime:0.000309s ]
[ log ] ###user_id=time=2019-09-10 21:57:04function=user/index/verify
---------------------------------------------------------------
[ 2019-09-10T21:57:04+08:00 ] 172.17.122.187 180.163.220.66 GET /user/index/verify
[ info ] 39.97.187.185/user/index/verify [运行时间：0.040930s][吞吐率：24.43req/s] [内存消耗：3,950.89kb] [文件加载：55]
[ info ] [ LANG ] /www/wwwroot/web/core/lang/zh-cn.php
[ info ] [ ROUTE ] array (
  'type' => 'module',
  'module' => 
  array (
    0 => 'user',
    1 => 'index',
    2 => 'verify',
  ),
)
[ info ] [ HEADER ] array (
  'host' => '39.97.187.185',
  'connection' => 'keep-alive',
  'pragma' => 'no-cache',
  'cache-control' => 'no-cache',
  'user-agent' => 'Mozilla/5.0 (Linux; U; Android 8.1.0; zh-CN; EML-AL00 Build/HUAWEIEML-AL00) AppleWebKit/537.36 (KHTML, like Gecko) Version/4.0 Chrome/57.0.2987.108 baidu.sogo.uc.UCBrowser/11.9.4.974 UWS/2.13.1.48 Mobile Safari/537.36 AliApp(DingTalk/4.5.11) com.alibaba.android.rimet/10487439 Channel/227200 language/zh-CN',
  'accept' => 'image/webp,image/apng,image/*,*/*;q=0.8',
  'referer' => 'http://39.97.187.185/user/index/login',
  'accept-encoding' => 'gzip, deflate',
  'cookie' => 'PHPSESSID=aapg5mruntkbqo8l49roobdo82',
  'content-type' => '',
  'content-length' => '',
)
[ info ] [ PARAM ] array (
)
[ info ] [ CACHE ] INIT File
[ info ] [ DB ] INIT mysql
[ info ] [ SESSION ] INIT array (
  'prefix' => 'user',
  'type' => '',
  'auto_start' => true,
)
[ info ] [ RUN ] app\common\controller\Base->verify[ /www/wwwroot/web/application/common/controller/Base.php ]
[ info ] [ LOG ] INIT File
[ sql ] [ DB ] CONNECT:[ UseTime:0.000572s ] mysql:dbname=telrobot;host=127.0.0.1;port=3306;charset=utf8
[ sql ] [ SQL ] SHOW COLUMNS FROM `rk_config` [ RunTime:0.000900s ]
[ sql ] [ SQL ] SELECT `type`,`name`,`value` FROM `rk_config` WHERE  `status` = 1 [ RunTime:0.000278s ]
[ sql ] [ SQL ] SHOW COLUMNS FROM `rk_admin` [ RunTime:0.001060s ]
[ sql ] [ SQL ] SELECT `role_id`,`user_type` FROM `rk_admin` WHERE  `id` IS NULL LIMIT 1 [ RunTime:0.000289s ]
[ sql ] [ SQL ] SHOW COLUMNS FROM `rk_admin_role` [ RunTime:0.000570s ]
[ sql ] [ SQL ] SELECT `rule_items` FROM `rk_admin_role` WHERE  `id` IS NULL LIMIT 1 [ RunTime:0.000226s ]
[ sql ] [ SQL ] SHOW COLUMNS FROM `rk_menu` [ RunTime:0.000552s ]
[ sql ] [ SQL ] SELECT `id`,`title`,`pid`,`url` FROM `rk_menu` WHERE  `id` IN (0) [ RunTime:0.000188s ]
[ sql ] [ SQL ] SHOW COLUMNS FROM `rk_site` [ RunTime:0.000450s ]
[ sql ] [ SQL ] SELECT `logo`,`name` FROM `rk_site` WHERE  `domain` = 'http://39.97.187.185' LIMIT 1 [ RunTime:0.000176s ]
[ sql ] [ SQL ] SHOW COLUMNS FROM `rk_message` [ RunTime:0.000482s ]
[ sql ] [ SQL ] SELECT COUNT(id) AS tp_count FROM `rk_message` WHERE  `member_id` = null  AND `status` = 0 LIMIT 1 [ RunTime:0.000346s ]
[ sql ] [ SQL ] SELECT `id`,`title`,`url`,`icon`,`pid` FROM `rk_menu` WHERE  `hide` = 0  AND `type` = 'user'  AND `id` IN ('') ORDER BY sort asc [ RunTime:0.000281s ]
[ log ] ###user_id=time=2019-09-10 21:57:04function=user/index/verify
---------------------------------------------------------------
[ 2019-09-10T23:15:00+08:00 ] 172.17.122.187 45.120.115.37 GET /
[ info ] 39.97.187.185:80/ [运行时间：0.030923s][吞吐率：32.34req/s] [内存消耗：3,922.77kb] [文件加载：57]
[ info ] [ LANG ] /www/wwwroot/web/core/lang/zh-cn.php
[ info ] [ ROUTE ] array (
  'type' => 'module',
  'module' => 
  array (
    0 => '',
    1 => NULL,
    2 => NULL,
  ),
)
[ info ] [ HEADER ] array (
  'host' => '39.97.187.185:80',
  'user-agent' => 'Mozilla/5.0 (Windows NT 6.1; WOW64) AppleWebKit/537.36 (KHTML, like Gecko) Chrome/52.0.2743.116 Safari/537.36',
  'content-length' => '0',
  'content-type' => '',
)
[ info ] [ PARAM ] array (
)
[ info ] [ CACHE ] INIT File
[ info ] [ DB ] INIT mysql
[ info ] [ SESSION ] INIT array (
  'prefix' => 'user',
  'type' => '',
  'auto_start' => true,
)
[ info ] [ LOG ] INIT File
[ sql ] [ DB ] CONNECT:[ UseTime:0.000643s ] mysql:dbname=telrobot;host=127.0.0.1;port=3306;charset=utf8
[ sql ] [ SQL ] SHOW COLUMNS FROM `rk_config` [ RunTime:0.000829s ]
[ sql ] [ SQL ] SELECT `type`,`name`,`value` FROM `rk_config` WHERE  `status` = 1 [ RunTime:0.000207s ]
---------------------------------------------------------------
[ 2019-09-10T23:16:57+08:00 ] 172.17.122.187 201.76.112.135 GET /
[ info ] 39.97.187.185:80/ [运行时间：0.032154s][吞吐率：31.10req/s] [内存消耗：3,922.77kb] [文件加载：57]
[ info ] [ LANG ] /www/wwwroot/web/core/lang/zh-cn.php
[ info ] [ ROUTE ] array (
  'type' => 'module',
  'module' => 
  array (
    0 => '',
    1 => NULL,
    2 => NULL,
  ),
)
[ info ] [ HEADER ] array (
  'host' => '39.97.187.185:80',
  'user-agent' => 'Mozilla/5.0 (Windows NT 10.0; WOW64) AppleWebKit/537.36 (KHTML, like Gecko) Chrome/51.0.2704.103 Safari/537.36',
  'content-length' => '0',
  'content-type' => '',
)
[ info ] [ PARAM ] array (
)
[ info ] [ CACHE ] INIT File
[ info ] [ DB ] INIT mysql
[ info ] [ SESSION ] INIT array (
  'prefix' => 'user',
  'type' => '',
  'auto_start' => true,
)
[ info ] [ LOG ] INIT File
[ sql ] [ DB ] CONNECT:[ UseTime:0.000602s ] mysql:dbname=telrobot;host=127.0.0.1;port=3306;charset=utf8
[ sql ] [ SQL ] SHOW COLUMNS FROM `rk_config` [ RunTime:0.000842s ]
[ sql ] [ SQL ] SELECT `type`,`name`,`value` FROM `rk_config` WHERE  `status` = 1 [ RunTime:0.000503s ]
---------------------------------------------------------------
[ 2019-09-10T23:40:32+08:00 ] 172.17.122.187 138.118.100.202 GET /
[ info ] 39.97.187.185:80/ [运行时间：0.032982s][吞吐率：30.32req/s] [内存消耗：3,923.06kb] [文件加载：57]
[ info ] [ LANG ] /www/wwwroot/web/core/lang/zh-cn.php
[ info ] [ ROUTE ] array (
  'type' => 'module',
  'module' => 
  array (
    0 => '',
    1 => NULL,
    2 => NULL,
  ),
)
[ info ] [ HEADER ] array (
  'host' => '39.97.187.185:80',
  'user-agent' => 'Mozilla/5.0 (Macintosh; Intel Mac OS X 10_11_6) AppleWebKit/601.7.7 (KHTML, like Gecko) Version/9.1.2 Safari/601.7.7',
  'content-length' => '0',
  'content-type' => '',
)
[ info ] [ PARAM ] array (
)
[ info ] [ CACHE ] INIT File
[ info ] [ DB ] INIT mysql
[ info ] [ SESSION ] INIT array (
  'prefix' => 'user',
  'type' => '',
  'auto_start' => true,
)
[ info ] [ LOG ] INIT File
[ sql ] [ DB ] CONNECT:[ UseTime:0.000499s ] mysql:dbname=telrobot;host=127.0.0.1;port=3306;charset=utf8
[ sql ] [ SQL ] SHOW COLUMNS FROM `rk_config` [ RunTime:0.000836s ]
[ sql ] [ SQL ] SELECT `type`,`name`,`value` FROM `rk_config` WHERE  `status` = 1 [ RunTime:0.000203s ]
---------------------------------------------------------------
[ 2019-09-10T23:49:49+08:00 ] 172.17.122.187 198.108.66.80 GET /
[ info ] 39.97.187.185/ [运行时间：0.031974s][吞吐率：31.28req/s] [内存消耗：3,923.09kb] [文件加载：57]
[ info ] [ LANG ] /www/wwwroot/web/core/lang/zh-cn.php
[ info ] [ ROUTE ] array (
  'type' => 'module',
  'module' => 
  array (
    0 => '',
    1 => NULL,
    2 => NULL,
  ),
)
[ info ] [ HEADER ] array (
  'host' => '39.97.187.185',
  'user-agent' => 'Mozilla/5.0 zgrab/0.x',
  'accept' => '*/*',
  'accept-encoding' => 'gzip',
  'content-type' => '',
  'content-length' => '',
)
[ info ] [ PARAM ] array (
)
[ info ] [ CACHE ] INIT File
[ info ] [ DB ] INIT mysql
[ info ] [ SESSION ] INIT array (
  'prefix' => 'user',
  'type' => '',
  'auto_start' => true,
)
[ info ] [ LOG ] INIT File
[ sql ] [ DB ] CONNECT:[ UseTime:0.000576s ] mysql:dbname=telrobot;host=127.0.0.1;port=3306;charset=utf8
[ sql ] [ SQL ] SHOW COLUMNS FROM `rk_config` [ RunTime:0.000818s ]
[ sql ] [ SQL ] SELECT `type`,`name`,`value` FROM `rk_config` WHERE  `status` = 1 [ RunTime:0.000370s ]
---------------------------------------------------------------
[ 2019-09-10T23:49:49+08:00 ] 172.17.122.187 198.108.66.80 GET /user/index/login
[ info ] 39.97.187.185:80/user/index/login [运行时间：0.038850s][吞吐率：25.74req/s] [内存消耗：3,961.09kb] [文件加载：56]
[ info ] [ LANG ] /www/wwwroot/web/core/lang/zh-cn.php
[ info ] [ ROUTE ] array (
  'type' => 'module',
  'module' => 
  array (
    0 => 'user',
    1 => 'index',
    2 => 'login',
  ),
)
[ info ] [ HEADER ] array (
  'host' => '39.97.187.185:80',
  'user-agent' => 'Mozilla/5.0 zgrab/0.x',
  'accept' => '*/*',
  'referer' => 'http://39.97.187.185:80/',
  'accept-encoding' => 'gzip',
  'content-type' => '',
  'content-length' => '',
)
[ info ] [ PARAM ] array (
)
[ info ] [ CACHE ] INIT File
[ info ] [ DB ] INIT mysql
[ info ] [ SESSION ] INIT array (
  'prefix' => 'user',
  'type' => '',
  'auto_start' => true,
)
[ info ] [ RUN ] app\user\controller\Index->login[ /www/wwwroot/web/application/user/controller/Index.php ]
[ info ] [ VIEW ] /www/wwwroot/web/application/user/view/index/login.html [ array (
  0 => 'request',
  1 => 'param',
  2 => 'userAgentType',
  3 => 'is_super',
  4 => 'allcinfig',
  5 => 'msgNum',
  6 => '__menu__',
  7 => 'meta_title',
) ]
[ info ] [ LOG ] INIT File
[ sql ] [ DB ] CONNECT:[ UseTime:0.000488s ] mysql:dbname=telrobot;host=127.0.0.1;port=3306;charset=utf8
[ sql ] [ SQL ] SHOW COLUMNS FROM `rk_config` [ RunTime:0.000740s ]
[ sql ] [ SQL ] SELECT `type`,`name`,`value` FROM `rk_config` WHERE  `status` = 1 [ RunTime:0.000224s ]
[ sql ] [ SQL ] SHOW COLUMNS FROM `rk_admin` [ RunTime:0.000808s ]
[ sql ] [ SQL ] SELECT `role_id`,`user_type` FROM `rk_admin` WHERE  `id` IS NULL LIMIT 1 [ RunTime:0.000211s ]
[ sql ] [ SQL ] SHOW COLUMNS FROM `rk_admin_role` [ RunTime:0.000541s ]
[ sql ] [ SQL ] SELECT `rule_items` FROM `rk_admin_role` WHERE  `id` IS NULL LIMIT 1 [ RunTime:0.000259s ]
[ sql ] [ SQL ] SHOW COLUMNS FROM `rk_menu` [ RunTime:0.000745s ]
[ sql ] [ SQL ] SELECT `id`,`title`,`pid`,`url` FROM `rk_menu` WHERE  `id` IN (0) [ RunTime:0.000203s ]
[ sql ] [ SQL ] SHOW COLUMNS FROM `rk_site` [ RunTime:0.000496s ]
[ sql ] [ SQL ] SELECT `logo`,`name` FROM `rk_site` WHERE  `domain` = 'http://39.97.187.185:80' LIMIT 1 [ RunTime:0.000264s ]
[ sql ] [ SQL ] SHOW COLUMNS FROM `rk_message` [ RunTime:0.000487s ]
[ sql ] [ SQL ] SELECT COUNT(id) AS tp_count FROM `rk_message` WHERE  `member_id` = null  AND `status` = 0 LIMIT 1 [ RunTime:0.000191s ]
[ sql ] [ SQL ] SELECT `id`,`title`,`url`,`icon`,`pid` FROM `rk_menu` WHERE  `hide` = 0  AND `type` = 'user'  AND `id` IN ('') ORDER BY sort asc [ RunTime:0.000179s ]
[ log ] ###user_id=time=2019-09-10 23:49:49function=user/index/login
