---------------------------------------------------------------
[ 2019-09-28T00:30:44+08:00 ] 172.16.170.169 178.93.19.153 GET /
[ info ] 47.96.126.228:80/ [运行时间：0.031278s][吞吐率：31.97req/s] [内存消耗：3,922.77kb] [文件加载：57]
[ info ] [ LANG ] /www/wwwroot/web/core/lang/zh-cn.php
[ info ] [ ROUTE ] array (
  'type' => 'module',
  'module' => 
  array (
    0 => '',
    1 => NULL,
    2 => NULL,
  ),
)
[ info ] [ HEADER ] array (
  'host' => '47.96.126.228:80',
  'user-agent' => 'Mozilla/5.0 (Windows NT 10.0; WOW64) AppleWebKit/537.36 (KHTML, like Gecko) Chrome/51.0.2704.103 Safari/537.36',
  'content-length' => '0',
  'content-type' => '',
)
[ info ] [ PARAM ] array (
)
[ info ] [ CACHE ] INIT File
[ info ] [ DB ] INIT mysql
[ info ] [ SESSION ] INIT array (
  'prefix' => 'user',
  'type' => '',
  'auto_start' => true,
)
[ info ] [ LOG ] INIT File
[ sql ] [ DB ] CONNECT:[ UseTime:0.000320s ] mysql:dbname=telrobot;host=127.0.0.1;port=3306;charset=utf8
[ sql ] [ SQL ] SHOW COLUMNS FROM `rk_config` [ RunTime:0.000730s ]
[ sql ] [ SQL ] SELECT `type`,`name`,`value` FROM `rk_config` WHERE  `status` = 1 [ RunTime:0.000164s ]
---------------------------------------------------------------
[ 2019-09-28T00:33:26+08:00 ] 172.16.170.169 201.184.242.42 GET /
[ info ] 47.96.126.228:80/ [运行时间：0.028481s][吞吐率：35.11req/s] [内存消耗：3,922.77kb] [文件加载：57]
[ info ] [ LANG ] /www/wwwroot/web/core/lang/zh-cn.php
[ info ] [ ROUTE ] array (
  'type' => 'module',
  'module' => 
  array (
    0 => '',
    1 => NULL,
    2 => NULL,
  ),
)
[ info ] [ HEADER ] array (
  'host' => '47.96.126.228:80',
  'user-agent' => 'Mozilla/5.0 (Windows NT 6.1; WOW64) AppleWebKit/537.36 (KHTML, like Gecko) Chrome/51.0.2704.103 Safari/537.36',
  'content-length' => '0',
  'content-type' => '',
)
[ info ] [ PARAM ] array (
)
[ info ] [ CACHE ] INIT File
[ info ] [ DB ] INIT mysql
[ info ] [ SESSION ] INIT array (
  'prefix' => 'user',
  'type' => '',
  'auto_start' => true,
)
[ info ] [ LOG ] INIT File
[ sql ] [ DB ] CONNECT:[ UseTime:0.000319s ] mysql:dbname=telrobot;host=127.0.0.1;port=3306;charset=utf8
[ sql ] [ SQL ] SHOW COLUMNS FROM `rk_config` [ RunTime:0.000717s ]
[ sql ] [ SQL ] SELECT `type`,`name`,`value` FROM `rk_config` WHERE  `status` = 1 [ RunTime:0.000166s ]
---------------------------------------------------------------
[ 2019-09-28T00:37:59+08:00 ] 172.16.170.169 177.30.58.231 GET /
[ info ] 47.96.126.228:80/ [运行时间：0.029490s][吞吐率：33.91req/s] [内存消耗：3,922.77kb] [文件加载：57]
[ info ] [ LANG ] /www/wwwroot/web/core/lang/zh-cn.php
[ info ] [ ROUTE ] array (
  'type' => 'module',
  'module' => 
  array (
    0 => '',
    1 => NULL,
    2 => NULL,
  ),
)
[ info ] [ HEADER ] array (
  'host' => '47.96.126.228:80',
  'user-agent' => 'Mozilla/5.0 (Windows NT 6.1; WOW64) AppleWebKit/537.36 (KHTML, like Gecko) Chrome/52.0.2743.116 Safari/537.36',
  'content-length' => '0',
  'content-type' => '',
)
[ info ] [ PARAM ] array (
)
[ info ] [ CACHE ] INIT File
[ info ] [ DB ] INIT mysql
[ info ] [ SESSION ] INIT array (
  'prefix' => 'user',
  'type' => '',
  'auto_start' => true,
)
[ info ] [ LOG ] INIT File
[ sql ] [ DB ] CONNECT:[ UseTime:0.000326s ] mysql:dbname=telrobot;host=127.0.0.1;port=3306;charset=utf8
[ sql ] [ SQL ] SHOW COLUMNS FROM `rk_config` [ RunTime:0.000651s ]
[ sql ] [ SQL ] SELECT `type`,`name`,`value` FROM `rk_config` WHERE  `status` = 1 [ RunTime:0.000169s ]
---------------------------------------------------------------
[ 2019-09-28T03:29:00+08:00 ] 172.16.170.169 170.150.100.36 GET /
[ info ] 47.96.126.228:80/ [运行时间：0.028841s][吞吐率：34.67req/s] [内存消耗：3,922.77kb] [文件加载：57]
[ info ] [ LANG ] /www/wwwroot/web/core/lang/zh-cn.php
[ info ] [ ROUTE ] array (
  'type' => 'module',
  'module' => 
  array (
    0 => '',
    1 => NULL,
    2 => NULL,
  ),
)
[ info ] [ HEADER ] array (
  'host' => '47.96.126.228:80',
  'user-agent' => 'Mozilla/5.0 (Windows NT 6.1; WOW64) AppleWebKit/537.36 (KHTML, like Gecko) Chrome/52.0.2743.116 Safari/537.36',
  'content-length' => '0',
  'content-type' => '',
)
[ info ] [ PARAM ] array (
)
[ info ] [ CACHE ] INIT File
[ info ] [ DB ] INIT mysql
[ info ] [ SESSION ] INIT array (
  'prefix' => 'user',
  'type' => '',
  'auto_start' => true,
)
[ info ] [ LOG ] INIT File
[ sql ] [ DB ] CONNECT:[ UseTime:0.000337s ] mysql:dbname=telrobot;host=127.0.0.1;port=3306;charset=utf8
[ sql ] [ SQL ] SHOW COLUMNS FROM `rk_config` [ RunTime:0.000727s ]
[ sql ] [ SQL ] SELECT `type`,`name`,`value` FROM `rk_config` WHERE  `status` = 1 [ RunTime:0.000207s ]
---------------------------------------------------------------
[ 2019-09-28T04:30:34+08:00 ] 172.16.170.169 45.82.91.203 GET /
[ info ] 47.96.126.228:80/ [运行时间：0.028485s][吞吐率：35.11req/s] [内存消耗：3,922.77kb] [文件加载：57]
[ info ] [ LANG ] /www/wwwroot/web/core/lang/zh-cn.php
[ info ] [ ROUTE ] array (
  'type' => 'module',
  'module' => 
  array (
    0 => '',
    1 => NULL,
    2 => NULL,
  ),
)
[ info ] [ HEADER ] array (
  'host' => '47.96.126.228:80',
  'user-agent' => 'Mozilla/5.0 (Windows NT 10.0; WOW64) AppleWebKit/537.36 (KHTML, like Gecko) Chrome/51.0.2704.103 Safari/537.36',
  'content-length' => '0',
  'content-type' => '',
)
[ info ] [ PARAM ] array (
)
[ info ] [ CACHE ] INIT File
[ info ] [ DB ] INIT mysql
[ info ] [ SESSION ] INIT array (
  'prefix' => 'user',
  'type' => '',
  'auto_start' => true,
)
[ info ] [ LOG ] INIT File
[ sql ] [ DB ] CONNECT:[ UseTime:0.000360s ] mysql:dbname=telrobot;host=127.0.0.1;port=3306;charset=utf8
[ sql ] [ SQL ] SHOW COLUMNS FROM `rk_config` [ RunTime:0.000632s ]
[ sql ] [ SQL ] SELECT `type`,`name`,`value` FROM `rk_config` WHERE  `status` = 1 [ RunTime:0.000168s ]
---------------------------------------------------------------
[ 2019-09-28T07:33:37+08:00 ] 172.16.170.169 47.101.189.132 GET /
[ info ] 47.96.126.228/ [运行时间：0.029887s][吞吐率：33.46req/s] [内存消耗：3,923.34kb] [文件加载：57]
[ info ] [ LANG ] /www/wwwroot/web/core/lang/zh-cn.php
[ info ] [ ROUTE ] array (
  'type' => 'module',
  'module' => 
  array (
    0 => '',
    1 => NULL,
    2 => NULL,
  ),
)
[ info ] [ HEADER ] array (
  'user-agent' => 'Mozilla/5.0 (X11; Ubuntu; Linux x86_64; rv:36.0) Gecko/20100101 Firefox/36.0',
  'host' => '47.96.126.228',
  'connection' => 'Keep-Alive',
  'accept-encoding' => 'gzip',
  'content-type' => '',
  'content-length' => '',
)
[ info ] [ PARAM ] array (
)
[ info ] [ CACHE ] INIT File
[ info ] [ DB ] INIT mysql
[ info ] [ SESSION ] INIT array (
  'prefix' => 'user',
  'type' => '',
  'auto_start' => true,
)
[ info ] [ LOG ] INIT File
[ sql ] [ DB ] CONNECT:[ UseTime:0.000307s ] mysql:dbname=telrobot;host=127.0.0.1;port=3306;charset=utf8
[ sql ] [ SQL ] SHOW COLUMNS FROM `rk_config` [ RunTime:0.000633s ]
[ sql ] [ SQL ] SELECT `type`,`name`,`value` FROM `rk_config` WHERE  `status` = 1 [ RunTime:0.000171s ]
---------------------------------------------------------------
[ 2019-09-28T07:33:37+08:00 ] 172.16.170.169 47.101.189.132 GET /user/index/login
[ info ] 47.96.126.228/user/index/login [运行时间：0.035614s][吞吐率：28.08req/s] [内存消耗：3,960.80kb] [文件加载：56]
[ info ] [ LANG ] /www/wwwroot/web/core/lang/zh-cn.php
[ info ] [ ROUTE ] array (
  'type' => 'module',
  'module' => 
  array (
    0 => 'user',
    1 => 'index',
    2 => 'login',
  ),
)
[ info ] [ HEADER ] array (
  'user-agent' => 'Mozilla/5.0 (X11; Ubuntu; Linux x86_64; rv:36.0) Gecko/20100101 Firefox/36.0',
  'host' => '47.96.126.228',
  'connection' => 'Keep-Alive',
  'accept-encoding' => 'gzip',
  'content-type' => '',
  'content-length' => '',
)
[ info ] [ PARAM ] array (
)
[ info ] [ CACHE ] INIT File
[ info ] [ DB ] INIT mysql
[ info ] [ SESSION ] INIT array (
  'prefix' => 'user',
  'type' => '',
  'auto_start' => true,
)
[ info ] [ RUN ] app\user\controller\Index->login[ /www/wwwroot/web/application/user/controller/Index.php ]
[ info ] [ VIEW ] /www/wwwroot/web/application/user/view/index/login.html [ array (
  0 => 'request',
  1 => 'param',
  2 => 'userAgentType',
  3 => 'is_super',
  4 => 'allcinfig',
  5 => 'msgNum',
  6 => '__menu__',
  7 => 'meta_title',
) ]
[ info ] [ LOG ] INIT File
[ sql ] [ DB ] CONNECT:[ UseTime:0.000313s ] mysql:dbname=telrobot;host=127.0.0.1;port=3306;charset=utf8
[ sql ] [ SQL ] SHOW COLUMNS FROM `rk_config` [ RunTime:0.000900s ]
[ sql ] [ SQL ] SELECT `type`,`name`,`value` FROM `rk_config` WHERE  `status` = 1 [ RunTime:0.000188s ]
[ sql ] [ SQL ] SHOW COLUMNS FROM `rk_admin` [ RunTime:0.000576s ]
[ sql ] [ SQL ] SELECT `role_id`,`user_type` FROM `rk_admin` WHERE  `id` IS NULL LIMIT 1 [ RunTime:0.000127s ]
[ sql ] [ SQL ] SHOW COLUMNS FROM `rk_admin_role` [ RunTime:0.000407s ]
[ sql ] [ SQL ] SELECT `rule_items` FROM `rk_admin_role` WHERE  `id` IS NULL LIMIT 1 [ RunTime:0.000107s ]
[ sql ] [ SQL ] SHOW COLUMNS FROM `rk_menu` [ RunTime:0.000558s ]
[ sql ] [ SQL ] SELECT `id`,`title`,`pid`,`url` FROM `rk_menu` WHERE  `id` IN (0) [ RunTime:0.000140s ]
[ sql ] [ SQL ] SHOW COLUMNS FROM `rk_site` [ RunTime:0.000406s ]
[ sql ] [ SQL ] SELECT `logo`,`name` FROM `rk_site` WHERE  `domain` = 'http://47.96.126.228' LIMIT 1 [ RunTime:0.000127s ]
[ sql ] [ SQL ] SHOW COLUMNS FROM `rk_message` [ RunTime:0.000397s ]
[ sql ] [ SQL ] SELECT COUNT(id) AS tp_count FROM `rk_message` WHERE  `member_id` = null  AND `status` = 0 LIMIT 1 [ RunTime:0.000149s ]
[ sql ] [ SQL ] SELECT `id`,`title`,`url`,`icon`,`pid` FROM `rk_menu` WHERE  `hide` = 0  AND `type` = 'user'  AND `id` IN ('') ORDER BY sort asc [ RunTime:0.000143s ]
[ log ] ###user_id=time=2019-09-28 07:33:37function=user/index/login
---------------------------------------------------------------
[ 2019-09-28T07:33:39+08:00 ] 172.16.170.169 47.101.189.132 GET /user/index/verify
[ info ] 47.96.126.228/user/index/verify [运行时间：0.035707s][吞吐率：28.01req/s] [内存消耗：3,948.63kb] [文件加载：55]
[ info ] [ LANG ] /www/wwwroot/web/core/lang/zh-cn.php
[ info ] [ ROUTE ] array (
  'type' => 'module',
  'module' => 
  array (
    0 => 'user',
    1 => 'index',
    2 => 'verify',
  ),
)
[ info ] [ HEADER ] array (
  'user-agent' => 'Mozilla/5.0 (X11; Ubuntu; Linux x86_64; rv:36.0) Gecko/20100101 Firefox/36.0',
  'host' => '47.96.126.228',
  'connection' => 'Keep-Alive',
  'accept-encoding' => 'gzip',
  'content-type' => '',
  'content-length' => '',
)
[ info ] [ PARAM ] array (
)
[ info ] [ CACHE ] INIT File
[ info ] [ DB ] INIT mysql
[ info ] [ SESSION ] INIT array (
  'prefix' => 'user',
  'type' => '',
  'auto_start' => true,
)
[ info ] [ RUN ] app\common\controller\Base->verify[ /www/wwwroot/web/application/common/controller/Base.php ]
[ info ] [ LOG ] INIT File
[ sql ] [ DB ] CONNECT:[ UseTime:0.000356s ] mysql:dbname=telrobot;host=127.0.0.1;port=3306;charset=utf8
[ sql ] [ SQL ] SHOW COLUMNS FROM `rk_config` [ RunTime:0.000708s ]
[ sql ] [ SQL ] SELECT `type`,`name`,`value` FROM `rk_config` WHERE  `status` = 1 [ RunTime:0.000175s ]
[ sql ] [ SQL ] SHOW COLUMNS FROM `rk_admin` [ RunTime:0.000637s ]
[ sql ] [ SQL ] SELECT `role_id`,`user_type` FROM `rk_admin` WHERE  `id` IS NULL LIMIT 1 [ RunTime:0.000149s ]
[ sql ] [ SQL ] SHOW COLUMNS FROM `rk_admin_role` [ RunTime:0.000412s ]
[ sql ] [ SQL ] SELECT `rule_items` FROM `rk_admin_role` WHERE  `id` IS NULL LIMIT 1 [ RunTime:0.000107s ]
[ sql ] [ SQL ] SHOW COLUMNS FROM `rk_menu` [ RunTime:0.000445s ]
[ sql ] [ SQL ] SELECT `id`,`title`,`pid`,`url` FROM `rk_menu` WHERE  `id` IN (0) [ RunTime:0.000145s ]
[ sql ] [ SQL ] SHOW COLUMNS FROM `rk_site` [ RunTime:0.000429s ]
[ sql ] [ SQL ] SELECT `logo`,`name` FROM `rk_site` WHERE  `domain` = 'http://47.96.126.228' LIMIT 1 [ RunTime:0.000136s ]
[ sql ] [ SQL ] SHOW COLUMNS FROM `rk_message` [ RunTime:0.000481s ]
[ sql ] [ SQL ] SELECT COUNT(id) AS tp_count FROM `rk_message` WHERE  `member_id` = null  AND `status` = 0 LIMIT 1 [ RunTime:0.000136s ]
[ sql ] [ SQL ] SELECT `id`,`title`,`url`,`icon`,`pid` FROM `rk_menu` WHERE  `hide` = 0  AND `type` = 'user'  AND `id` IN ('') ORDER BY sort asc [ RunTime:0.000163s ]
[ log ] ###user_id=time=2019-09-28 07:33:39function=user/index/verify
---------------------------------------------------------------
[ 2019-09-28T08:45:34+08:00 ] 172.16.170.169 168.195.140.118 GET /
[ info ] 47.96.126.228:80/ [运行时间：0.031240s][吞吐率：32.01req/s] [内存消耗：3,922.77kb] [文件加载：57]
[ info ] [ LANG ] /www/wwwroot/web/core/lang/zh-cn.php
[ info ] [ ROUTE ] array (
  'type' => 'module',
  'module' => 
  array (
    0 => '',
    1 => NULL,
    2 => NULL,
  ),
)
[ info ] [ HEADER ] array (
  'host' => '47.96.126.228:80',
  'user-agent' => 'Mozilla/5.0 (Windows NT 10.0; WOW64) AppleWebKit/537.36 (KHTML, like Gecko) Chrome/52.0.2743.116 Safari/537.36',
  'content-length' => '0',
  'content-type' => '',
)
[ info ] [ PARAM ] array (
)
[ info ] [ CACHE ] INIT File
[ info ] [ DB ] INIT mysql
[ info ] [ SESSION ] INIT array (
  'prefix' => 'user',
  'type' => '',
  'auto_start' => true,
)
[ info ] [ LOG ] INIT File
[ sql ] [ DB ] CONNECT:[ UseTime:0.000343s ] mysql:dbname=telrobot;host=127.0.0.1;port=3306;charset=utf8
[ sql ] [ SQL ] SHOW COLUMNS FROM `rk_config` [ RunTime:0.000832s ]
[ sql ] [ SQL ] SELECT `type`,`name`,`value` FROM `rk_config` WHERE  `status` = 1 [ RunTime:0.000186s ]
---------------------------------------------------------------
[ 2019-09-28T10:28:07+08:00 ] 172.16.170.169 101.132.102.18 GET /
[ info ] s-6-2111.pssdss.com/ [运行时间：0.030965s][吞吐率：32.29req/s] [内存消耗：3,922.85kb] [文件加载：57]
[ info ] [ LANG ] /www/wwwroot/web/core/lang/zh-cn.php
[ info ] [ ROUTE ] array (
  'type' => 'module',
  'module' => 
  array (
    0 => '',
    1 => NULL,
    2 => NULL,
  ),
)
[ info ] [ HEADER ] array (
  'user-agent' => 'Mozilla/5.0 (X11; Ubuntu; Linux x86_64; rv:36.0) Gecko/20100101 Firefox/36.0',
  'host' => 's-6-2111.pssdss.com',
  'connection' => 'Keep-Alive',
  'accept-encoding' => 'gzip',
  'content-type' => '',
  'content-length' => '',
)
[ info ] [ PARAM ] array (
)
[ info ] [ CACHE ] INIT File
[ info ] [ DB ] INIT mysql
[ info ] [ SESSION ] INIT array (
  'prefix' => 'user',
  'type' => '',
  'auto_start' => true,
)
[ info ] [ LOG ] INIT File
[ sql ] [ DB ] CONNECT:[ UseTime:0.000302s ] mysql:dbname=telrobot;host=127.0.0.1;port=3306;charset=utf8
[ sql ] [ SQL ] SHOW COLUMNS FROM `rk_config` [ RunTime:0.002238s ]
[ sql ] [ SQL ] SELECT `type`,`name`,`value` FROM `rk_config` WHERE  `status` = 1 [ RunTime:0.000231s ]
---------------------------------------------------------------
[ 2019-09-28T10:28:07+08:00 ] 172.16.170.169 101.132.102.18 GET /user/index/login
[ info ] s-6-2111.pssdss.com/user/index/login [运行时间：0.039244s][吞吐率：25.48req/s] [内存消耗：3,960.72kb] [文件加载：56]
[ info ] [ LANG ] /www/wwwroot/web/core/lang/zh-cn.php
[ info ] [ ROUTE ] array (
  'type' => 'module',
  'module' => 
  array (
    0 => 'user',
    1 => 'index',
    2 => 'login',
  ),
)
[ info ] [ HEADER ] array (
  'user-agent' => 'Mozilla/5.0 (X11; Ubuntu; Linux x86_64; rv:36.0) Gecko/20100101 Firefox/36.0',
  'host' => 's-6-2111.pssdss.com',
  'connection' => 'Keep-Alive',
  'accept-encoding' => 'gzip',
  'content-type' => '',
  'content-length' => '',
)
[ info ] [ PARAM ] array (
)
[ info ] [ CACHE ] INIT File
[ info ] [ DB ] INIT mysql
[ info ] [ SESSION ] INIT array (
  'prefix' => 'user',
  'type' => '',
  'auto_start' => true,
)
[ info ] [ RUN ] app\user\controller\Index->login[ /www/wwwroot/web/application/user/controller/Index.php ]
[ info ] [ VIEW ] /www/wwwroot/web/application/user/view/index/login.html [ array (
  0 => 'request',
  1 => 'param',
  2 => 'userAgentType',
  3 => 'is_super',
  4 => 'allcinfig',
  5 => 'msgNum',
  6 => '__menu__',
  7 => 'meta_title',
) ]
[ info ] [ LOG ] INIT File
[ sql ] [ DB ] CONNECT:[ UseTime:0.000407s ] mysql:dbname=telrobot;host=127.0.0.1;port=3306;charset=utf8
[ sql ] [ SQL ] SHOW COLUMNS FROM `rk_config` [ RunTime:0.000635s ]
[ sql ] [ SQL ] SELECT `type`,`name`,`value` FROM `rk_config` WHERE  `status` = 1 [ RunTime:0.000195s ]
[ sql ] [ SQL ] SHOW COLUMNS FROM `rk_admin` [ RunTime:0.000606s ]
[ sql ] [ SQL ] SELECT `role_id`,`user_type` FROM `rk_admin` WHERE  `id` IS NULL LIMIT 1 [ RunTime:0.000129s ]
[ sql ] [ SQL ] SHOW COLUMNS FROM `rk_admin_role` [ RunTime:0.000426s ]
[ sql ] [ SQL ] SELECT `rule_items` FROM `rk_admin_role` WHERE  `id` IS NULL LIMIT 1 [ RunTime:0.000136s ]
[ sql ] [ SQL ] SHOW COLUMNS FROM `rk_menu` [ RunTime:0.000463s ]
[ sql ] [ SQL ] SELECT `id`,`title`,`pid`,`url` FROM `rk_menu` WHERE  `id` IN (0) [ RunTime:0.000136s ]
[ sql ] [ SQL ] SHOW COLUMNS FROM `rk_site` [ RunTime:0.000406s ]
[ sql ] [ SQL ] SELECT `logo`,`name` FROM `rk_site` WHERE  `domain` = 'http://s-6-2111.pssdss.com' LIMIT 1 [ RunTime:0.000162s ]
[ sql ] [ SQL ] SHOW COLUMNS FROM `rk_message` [ RunTime:0.000420s ]
[ sql ] [ SQL ] SELECT COUNT(id) AS tp_count FROM `rk_message` WHERE  `member_id` = null  AND `status` = 0 LIMIT 1 [ RunTime:0.000151s ]
[ sql ] [ SQL ] SELECT `id`,`title`,`url`,`icon`,`pid` FROM `rk_menu` WHERE  `hide` = 0  AND `type` = 'user'  AND `id` IN ('') ORDER BY sort asc [ RunTime:0.000177s ]
[ log ] ###user_id=time=2019-09-28 10:28:07function=user/index/login
---------------------------------------------------------------
[ 2019-09-28T10:28:09+08:00 ] 172.16.170.169 101.132.102.18 GET /user/index/verify
[ info ] s-6-2111.pssdss.com/user/index/verify [运行时间：0.041061s][吞吐率：24.35req/s] [内存消耗：3,948.54kb] [文件加载：55]
[ info ] [ LANG ] /www/wwwroot/web/core/lang/zh-cn.php
[ info ] [ ROUTE ] array (
  'type' => 'module',
  'module' => 
  array (
    0 => 'user',
    1 => 'index',
    2 => 'verify',
  ),
)
[ info ] [ HEADER ] array (
  'user-agent' => 'Mozilla/5.0 (X11; Ubuntu; Linux x86_64; rv:36.0) Gecko/20100101 Firefox/36.0',
  'host' => 's-6-2111.pssdss.com',
  'connection' => 'Keep-Alive',
  'accept-encoding' => 'gzip',
  'content-type' => '',
  'content-length' => '',
)
[ info ] [ PARAM ] array (
)
[ info ] [ CACHE ] INIT File
[ info ] [ DB ] INIT mysql
[ info ] [ SESSION ] INIT array (
  'prefix' => 'user',
  'type' => '',
  'auto_start' => true,
)
[ info ] [ RUN ] app\common\controller\Base->verify[ /www/wwwroot/web/application/common/controller/Base.php ]
[ info ] [ LOG ] INIT File
[ sql ] [ DB ] CONNECT:[ UseTime:0.000343s ] mysql:dbname=telrobot;host=127.0.0.1;port=3306;charset=utf8
[ sql ] [ SQL ] SHOW COLUMNS FROM `rk_config` [ RunTime:0.000707s ]
[ sql ] [ SQL ] SELECT `type`,`name`,`value` FROM `rk_config` WHERE  `status` = 1 [ RunTime:0.000191s ]
[ sql ] [ SQL ] SHOW COLUMNS FROM `rk_admin` [ RunTime:0.000890s ]
[ sql ] [ SQL ] SELECT `role_id`,`user_type` FROM `rk_admin` WHERE  `id` IS NULL LIMIT 1 [ RunTime:0.000185s ]
[ sql ] [ SQL ] SHOW COLUMNS FROM `rk_admin_role` [ RunTime:0.000670s ]
[ sql ] [ SQL ] SELECT `rule_items` FROM `rk_admin_role` WHERE  `id` IS NULL LIMIT 1 [ RunTime:0.000164s ]
[ sql ] [ SQL ] SHOW COLUMNS FROM `rk_menu` [ RunTime:0.000639s ]
[ sql ] [ SQL ] SELECT `id`,`title`,`pid`,`url` FROM `rk_menu` WHERE  `id` IN (0) [ RunTime:0.000208s ]
[ sql ] [ SQL ] SHOW COLUMNS FROM `rk_site` [ RunTime:0.000548s ]
[ sql ] [ SQL ] SELECT `logo`,`name` FROM `rk_site` WHERE  `domain` = 'http://s-6-2111.pssdss.com' LIMIT 1 [ RunTime:0.000155s ]
[ sql ] [ SQL ] SHOW COLUMNS FROM `rk_message` [ RunTime:0.000508s ]
[ sql ] [ SQL ] SELECT COUNT(id) AS tp_count FROM `rk_message` WHERE  `member_id` = null  AND `status` = 0 LIMIT 1 [ RunTime:0.000180s ]
[ sql ] [ SQL ] SELECT `id`,`title`,`url`,`icon`,`pid` FROM `rk_menu` WHERE  `hide` = 0  AND `type` = 'user'  AND `id` IN ('') ORDER BY sort asc [ RunTime:0.000216s ]
[ log ] ###user_id=time=2019-09-28 10:28:09function=user/index/verify
---------------------------------------------------------------
[ 2019-09-28T10:39:27+08:00 ] 172.16.170.169 116.27.121.71 GET /favicon.ico
[ info ] s-6-2111.pssdss.com/favicon.ico [运行时间：0.014712s][吞吐率：67.97req/s] [内存消耗：1,658.45kb] [文件加载：33]
[ info ] [ LANG ] /www/wwwroot/web/core/lang/zh-cn.php
[ info ] [ ROUTE ] array (
  'type' => 'module',
  'module' => 
  array (
    0 => 'favicon.ico',
    1 => NULL,
    2 => NULL,
  ),
)
[ info ] [ HEADER ] array (
  'host' => 's-6-2111.pssdss.com',
  'connection' => 'keep-alive',
  'user-agent' => 'Mozilla/5.0 (Windows NT 10.0; WOW64) AppleWebKit/537.36 (KHTML, like Gecko) Chrome/63.0.3239.132 Safari/537.36',
  'accept-encoding' => 'gzip, deflate',
  'accept-language' => 'zh-CN,zh;q=0.9',
  'cookie' => 'UM_distinctid=16d6c8b79651ab-08a096c8ef9d42-3c604504-100200-16d6c8b7966128; __guid=153879994.2269271795423239000.1569485916108.8096',
  'content-type' => '',
  'content-length' => '',
)
[ info ] [ PARAM ] array (
)
[ info ] [ LOG ] INIT File
---------------------------------------------------------------
[ 2019-09-28T11:05:03+08:00 ] 172.16.170.169 116.27.121.71 GET /favicon.ico
[ info ] s-6-2111.pssdss.com/favicon.ico [运行时间：0.015406s][吞吐率：64.91req/s] [内存消耗：1,658.45kb] [文件加载：33]
[ info ] [ LANG ] /www/wwwroot/web/core/lang/zh-cn.php
[ info ] [ ROUTE ] array (
  'type' => 'module',
  'module' => 
  array (
    0 => 'favicon.ico',
    1 => NULL,
    2 => NULL,
  ),
)
[ info ] [ HEADER ] array (
  'host' => 's-6-2111.pssdss.com',
  'connection' => 'keep-alive',
  'user-agent' => 'Mozilla/5.0 (Windows NT 10.0; WOW64) AppleWebKit/537.36 (KHTML, like Gecko) Chrome/63.0.3239.132 Safari/537.36',
  'accept-encoding' => 'gzip, deflate',
  'accept-language' => 'zh-CN,zh;q=0.9',
  'cookie' => 'UM_distinctid=16d6c8b79651ab-08a096c8ef9d42-3c604504-100200-16d6c8b7966128; __guid=153879994.2269271795423239000.1569485916108.8096',
  'content-type' => '',
  'content-length' => '',
)
[ info ] [ PARAM ] array (
)
[ info ] [ LOG ] INIT File
---------------------------------------------------------------
[ 2019-09-28T12:11:05+08:00 ] 172.16.170.169 202.91.78.157 GET /
[ info ] 47.96.126.228:80/ [运行时间：0.031127s][吞吐率：32.13req/s] [内存消耗：3,923.06kb] [文件加载：57]
[ info ] [ LANG ] /www/wwwroot/web/core/lang/zh-cn.php
[ info ] [ ROUTE ] array (
  'type' => 'module',
  'module' => 
  array (
    0 => '',
    1 => NULL,
    2 => NULL,
  ),
)
[ info ] [ HEADER ] array (
  'host' => '47.96.126.228:80',
  'user-agent' => 'Mozilla/5.0 (Macintosh; Intel Mac OS X 10_11_6) AppleWebKit/601.7.7 (KHTML, like Gecko) Version/9.1.2 Safari/601.7.7',
  'content-length' => '0',
  'content-type' => '',
)
[ info ] [ PARAM ] array (
)
[ info ] [ CACHE ] INIT File
[ info ] [ DB ] INIT mysql
[ info ] [ SESSION ] INIT array (
  'prefix' => 'user',
  'type' => '',
  'auto_start' => true,
)
[ info ] [ LOG ] INIT File
[ sql ] [ DB ] CONNECT:[ UseTime:0.000338s ] mysql:dbname=telrobot;host=127.0.0.1;port=3306;charset=utf8
[ sql ] [ SQL ] SHOW COLUMNS FROM `rk_config` [ RunTime:0.000770s ]
[ sql ] [ SQL ] SELECT `type`,`name`,`value` FROM `rk_config` WHERE  `status` = 1 [ RunTime:0.000212s ]
---------------------------------------------------------------
[ 2019-09-28T12:42:10+08:00 ] 172.16.170.169 116.27.121.71 GET /favicon.ico
[ info ] s-6-2111.pssdss.com/favicon.ico [运行时间：0.014777s][吞吐率：67.67req/s] [内存消耗：1,658.45kb] [文件加载：33]
[ info ] [ LANG ] /www/wwwroot/web/core/lang/zh-cn.php
[ info ] [ ROUTE ] array (
  'type' => 'module',
  'module' => 
  array (
    0 => 'favicon.ico',
    1 => NULL,
    2 => NULL,
  ),
)
[ info ] [ HEADER ] array (
  'host' => 's-6-2111.pssdss.com',
  'connection' => 'keep-alive',
  'user-agent' => 'Mozilla/5.0 (Windows NT 10.0; WOW64) AppleWebKit/537.36 (KHTML, like Gecko) Chrome/63.0.3239.132 Safari/537.36',
  'accept-encoding' => 'gzip, deflate',
  'accept-language' => 'zh-CN,zh;q=0.9',
  'cookie' => 'UM_distinctid=16d6c8b79651ab-08a096c8ef9d42-3c604504-100200-16d6c8b7966128; __guid=153879994.2269271795423239000.1569485916108.8096',
  'content-type' => '',
  'content-length' => '',
)
[ info ] [ PARAM ] array (
)
[ info ] [ LOG ] INIT File
---------------------------------------------------------------
[ 2019-09-28T14:32:09+08:00 ] 172.16.170.169 118.175.172.123 GET /
[ info ] 47.96.126.228/ [运行时间：0.029456s][吞吐率：33.95req/s] [内存消耗：3,923.59kb] [文件加载：57]
[ info ] [ LANG ] /www/wwwroot/web/core/lang/zh-cn.php
[ info ] [ ROUTE ] array (
  'type' => 'module',
  'module' => 
  array (
    0 => '',
    1 => NULL,
    2 => NULL,
  ),
)
[ info ] [ HEADER ] array (
  'host' => '47.96.126.228',
  'accept' => 'text/html, application/xhtml+xml, */*',
  'accept-language' => 'en-US',
  'user-agent' => 'Mozilla/5.0 (compatible; MSIE 9.0; Windows NT 6.1; WOW64; Trident/5.0)',
  'accept-encoding' => '',
  'connection' => 'Keep-Alive',
  'content-type' => '',
  'content-length' => '',
)
[ info ] [ PARAM ] array (
)
[ info ] [ CACHE ] INIT File
[ info ] [ DB ] INIT mysql
[ info ] [ SESSION ] INIT array (
  'prefix' => 'user',
  'type' => '',
  'auto_start' => true,
)
[ info ] [ LOG ] INIT File
[ sql ] [ DB ] CONNECT:[ UseTime:0.000321s ] mysql:dbname=telrobot;host=127.0.0.1;port=3306;charset=utf8
[ sql ] [ SQL ] SHOW COLUMNS FROM `rk_config` [ RunTime:0.000925s ]
[ sql ] [ SQL ] SELECT `type`,`name`,`value` FROM `rk_config` WHERE  `status` = 1 [ RunTime:0.000181s ]
---------------------------------------------------------------
[ 2019-09-28T15:27:42+08:00 ] 172.16.170.169 116.27.121.71 GET /favicon.ico
[ info ] s-6-2111.pssdss.com/favicon.ico [运行时间：0.014476s][吞吐率：69.08req/s] [内存消耗：1,658.45kb] [文件加载：33]
[ info ] [ LANG ] /www/wwwroot/web/core/lang/zh-cn.php
[ info ] [ ROUTE ] array (
  'type' => 'module',
  'module' => 
  array (
    0 => 'favicon.ico',
    1 => NULL,
    2 => NULL,
  ),
)
[ info ] [ HEADER ] array (
  'host' => 's-6-2111.pssdss.com',
  'connection' => 'keep-alive',
  'user-agent' => 'Mozilla/5.0 (Windows NT 10.0; WOW64) AppleWebKit/537.36 (KHTML, like Gecko) Chrome/63.0.3239.132 Safari/537.36',
  'accept-encoding' => 'gzip, deflate',
  'accept-language' => 'zh-CN,zh;q=0.9',
  'cookie' => 'UM_distinctid=16d6c8b79651ab-08a096c8ef9d42-3c604504-100200-16d6c8b7966128; __guid=153879994.2269271795423239000.1569485916108.8096',
  'content-type' => '',
  'content-length' => '',
)
[ info ] [ PARAM ] array (
)
[ info ] [ LOG ] INIT File
---------------------------------------------------------------
[ 2019-09-28T18:20:47+08:00 ] 172.16.170.169 177.9.143.13 GET /
[ info ] 47.96.126.228:80/ [运行时间：0.029727s][吞吐率：33.64req/s] [内存消耗：3,922.77kb] [文件加载：57]
[ info ] [ LANG ] /www/wwwroot/web/core/lang/zh-cn.php
[ info ] [ ROUTE ] array (
  'type' => 'module',
  'module' => 
  array (
    0 => '',
    1 => NULL,
    2 => NULL,
  ),
)
[ info ] [ HEADER ] array (
  'host' => '47.96.126.228:80',
  'user-agent' => 'Mozilla/5.0 (Windows NT 6.1; WOW64) AppleWebKit/537.36 (KHTML, like Gecko) Chrome/51.0.2704.103 Safari/537.36',
  'content-length' => '0',
  'content-type' => '',
)
[ info ] [ PARAM ] array (
)
[ info ] [ CACHE ] INIT File
[ info ] [ DB ] INIT mysql
[ info ] [ SESSION ] INIT array (
  'prefix' => 'user',
  'type' => '',
  'auto_start' => true,
)
[ info ] [ LOG ] INIT File
[ sql ] [ DB ] CONNECT:[ UseTime:0.000314s ] mysql:dbname=telrobot;host=127.0.0.1;port=3306;charset=utf8
[ sql ] [ SQL ] SHOW COLUMNS FROM `rk_config` [ RunTime:0.000671s ]
[ sql ] [ SQL ] SELECT `type`,`name`,`value` FROM `rk_config` WHERE  `status` = 1 [ RunTime:0.000192s ]
---------------------------------------------------------------
[ 2019-09-28T18:32:26+08:00 ] 172.16.170.169 203.81.83.142 GET /
[ info ] 47.96.126.228:80/ [运行时间：0.029870s][吞吐率：33.48req/s] [内存消耗：3,923.06kb] [文件加载：57]
[ info ] [ LANG ] /www/wwwroot/web/core/lang/zh-cn.php
[ info ] [ ROUTE ] array (
  'type' => 'module',
  'module' => 
  array (
    0 => '',
    1 => NULL,
    2 => NULL,
  ),
)
[ info ] [ HEADER ] array (
  'host' => '47.96.126.228:80',
  'user-agent' => 'Mozilla/5.0 (Macintosh; Intel Mac OS X 10_11_6) AppleWebKit/601.7.7 (KHTML, like Gecko) Version/9.1.2 Safari/601.7.7',
  'content-length' => '0',
  'content-type' => '',
)
[ info ] [ PARAM ] array (
)
[ info ] [ CACHE ] INIT File
[ info ] [ DB ] INIT mysql
[ info ] [ SESSION ] INIT array (
  'prefix' => 'user',
  'type' => '',
  'auto_start' => true,
)
[ info ] [ LOG ] INIT File
[ sql ] [ DB ] CONNECT:[ UseTime:0.000343s ] mysql:dbname=telrobot;host=127.0.0.1;port=3306;charset=utf8
[ sql ] [ SQL ] SHOW COLUMNS FROM `rk_config` [ RunTime:0.000718s ]
[ sql ] [ SQL ] SELECT `type`,`name`,`value` FROM `rk_config` WHERE  `status` = 1 [ RunTime:0.000172s ]
---------------------------------------------------------------
[ 2019-09-28T20:05:12+08:00 ] 172.16.170.169 72.66.113.86 GET /
[ info ] 47.96.126.228/ [运行时间：0.026887s][吞吐率：37.19req/s] [内存消耗：3,922.41kb] [文件加载：57]
[ info ] [ LANG ] /www/wwwroot/web/core/lang/zh-cn.php
[ info ] [ ROUTE ] array (
  'type' => 'module',
  'module' => 
  array (
    0 => '',
    1 => NULL,
    2 => NULL,
  ),
)
[ info ] [ HEADER ] array (
  'host' => '47.96.126.228',
  'content-type' => '',
  'content-length' => '',
)
[ info ] [ PARAM ] array (
)
[ info ] [ CACHE ] INIT File
[ info ] [ DB ] INIT mysql
[ info ] [ SESSION ] INIT array (
  'prefix' => 'user',
  'type' => '',
  'auto_start' => true,
)
[ info ] [ LOG ] INIT File
[ sql ] [ DB ] CONNECT:[ UseTime:0.000318s ] mysql:dbname=telrobot;host=127.0.0.1;port=3306;charset=utf8
[ sql ] [ SQL ] SHOW COLUMNS FROM `rk_config` [ RunTime:0.000636s ]
[ sql ] [ SQL ] SELECT `type`,`name`,`value` FROM `rk_config` WHERE  `status` = 1 [ RunTime:0.000162s ]
---------------------------------------------------------------
[ 2019-09-28T20:23:45+08:00 ] 172.16.170.169 198.108.66.192 GET /
[ info ] 47.96.126.228/ [运行时间：0.029820s][吞吐率：33.53req/s] [内存消耗：3,923.09kb] [文件加载：57]
[ info ] [ LANG ] /www/wwwroot/web/core/lang/zh-cn.php
[ info ] [ ROUTE ] array (
  'type' => 'module',
  'module' => 
  array (
    0 => '',
    1 => NULL,
    2 => NULL,
  ),
)
[ info ] [ HEADER ] array (
  'host' => '47.96.126.228',
  'user-agent' => 'Mozilla/5.0 zgrab/0.x',
  'accept' => '*/*',
  'accept-encoding' => 'gzip',
  'content-type' => '',
  'content-length' => '',
)
[ info ] [ PARAM ] array (
)
[ info ] [ CACHE ] INIT File
[ info ] [ DB ] INIT mysql
[ info ] [ SESSION ] INIT array (
  'prefix' => 'user',
  'type' => '',
  'auto_start' => true,
)
[ info ] [ LOG ] INIT File
[ sql ] [ DB ] CONNECT:[ UseTime:0.000348s ] mysql:dbname=telrobot;host=127.0.0.1;port=3306;charset=utf8
[ sql ] [ SQL ] SHOW COLUMNS FROM `rk_config` [ RunTime:0.000670s ]
[ sql ] [ SQL ] SELECT `type`,`name`,`value` FROM `rk_config` WHERE  `status` = 1 [ RunTime:0.000168s ]
---------------------------------------------------------------
[ 2019-09-28T20:23:46+08:00 ] 172.16.170.169 198.108.66.192 GET /user/index/login
[ info ] 47.96.126.228:80/user/index/login [运行时间：0.038722s][吞吐率：25.83req/s] [内存消耗：3,961.09kb] [文件加载：56]
[ info ] [ LANG ] /www/wwwroot/web/core/lang/zh-cn.php
[ info ] [ ROUTE ] array (
  'type' => 'module',
  'module' => 
  array (
    0 => 'user',
    1 => 'index',
    2 => 'login',
  ),
)
[ info ] [ HEADER ] array (
  'host' => '47.96.126.228:80',
  'user-agent' => 'Mozilla/5.0 zgrab/0.x',
  'accept' => '*/*',
  'referer' => 'http://47.96.126.228:80/',
  'accept-encoding' => 'gzip',
  'content-type' => '',
  'content-length' => '',
)
[ info ] [ PARAM ] array (
)
[ info ] [ CACHE ] INIT File
[ info ] [ DB ] INIT mysql
[ info ] [ SESSION ] INIT array (
  'prefix' => 'user',
  'type' => '',
  'auto_start' => true,
)
[ info ] [ RUN ] app\user\controller\Index->login[ /www/wwwroot/web/application/user/controller/Index.php ]
[ info ] [ VIEW ] /www/wwwroot/web/application/user/view/index/login.html [ array (
  0 => 'request',
  1 => 'param',
  2 => 'userAgentType',
  3 => 'is_super',
  4 => 'allcinfig',
  5 => 'msgNum',
  6 => '__menu__',
  7 => 'meta_title',
) ]
[ info ] [ LOG ] INIT File
[ sql ] [ DB ] CONNECT:[ UseTime:0.000341s ] mysql:dbname=telrobot;host=127.0.0.1;port=3306;charset=utf8
[ sql ] [ SQL ] SHOW COLUMNS FROM `rk_config` [ RunTime:0.000747s ]
[ sql ] [ SQL ] SELECT `type`,`name`,`value` FROM `rk_config` WHERE  `status` = 1 [ RunTime:0.000192s ]
[ sql ] [ SQL ] SHOW COLUMNS FROM `rk_admin` [ RunTime:0.000687s ]
[ sql ] [ SQL ] SELECT `role_id`,`user_type` FROM `rk_admin` WHERE  `id` IS NULL LIMIT 1 [ RunTime:0.000152s ]
[ sql ] [ SQL ] SHOW COLUMNS FROM `rk_admin_role` [ RunTime:0.000481s ]
[ sql ] [ SQL ] SELECT `rule_items` FROM `rk_admin_role` WHERE  `id` IS NULL LIMIT 1 [ RunTime:0.000108s ]
[ sql ] [ SQL ] SHOW COLUMNS FROM `rk_menu` [ RunTime:0.000502s ]
[ sql ] [ SQL ] SELECT `id`,`title`,`pid`,`url` FROM `rk_menu` WHERE  `id` IN (0) [ RunTime:0.000154s ]
[ sql ] [ SQL ] SHOW COLUMNS FROM `rk_site` [ RunTime:0.000461s ]
[ sql ] [ SQL ] SELECT `logo`,`name` FROM `rk_site` WHERE  `domain` = 'http://47.96.126.228:80' LIMIT 1 [ RunTime:0.000169s ]
[ sql ] [ SQL ] SHOW COLUMNS FROM `rk_message` [ RunTime:0.000457s ]
[ sql ] [ SQL ] SELECT COUNT(id) AS tp_count FROM `rk_message` WHERE  `member_id` = null  AND `status` = 0 LIMIT 1 [ RunTime:0.000149s ]
[ sql ] [ SQL ] SELECT `id`,`title`,`url`,`icon`,`pid` FROM `rk_menu` WHERE  `hide` = 0  AND `type` = 'user'  AND `id` IN ('') ORDER BY sort asc [ RunTime:0.000152s ]
[ log ] ###user_id=time=2019-09-28 20:23:46function=user/index/login
---------------------------------------------------------------
[ 2019-09-28T20:34:30+08:00 ] 172.16.170.169 183.129.160.229 GET /
[ info ] 47.96.126.228:80/ [运行时间：0.030020s][吞吐率：33.31req/s] [内存消耗：3,922.66kb] [文件加载：57]
[ info ] [ LANG ] /www/wwwroot/web/core/lang/zh-cn.php
[ info ] [ ROUTE ] array (
  'type' => 'module',
  'module' => 
  array (
    0 => '',
    1 => NULL,
    2 => NULL,
  ),
)
[ info ] [ HEADER ] array (
  'host' => '47.96.126.228:80',
  'user-agent' => 'Mozilla/5.0 (Macintosh; Intel Mac OS X 10.11; rv:47.0) Gecko/20100101 Firefox/47.0',
  'accept' => '*/*',
  'connection' => 'keep-alive',
  'content-type' => '',
  'content-length' => '',
)
[ info ] [ PARAM ] array (
)
[ info ] [ CACHE ] INIT File
[ info ] [ DB ] INIT mysql
[ info ] [ SESSION ] INIT array (
  'prefix' => 'user',
  'type' => '',
  'auto_start' => true,
)
[ info ] [ LOG ] INIT File
[ sql ] [ DB ] CONNECT:[ UseTime:0.000367s ] mysql:dbname=telrobot;host=127.0.0.1;port=3306;charset=utf8
[ sql ] [ SQL ] SHOW COLUMNS FROM `rk_config` [ RunTime:0.000788s ]
[ sql ] [ SQL ] SELECT `type`,`name`,`value` FROM `rk_config` WHERE  `status` = 1 [ RunTime:0.000192s ]
---------------------------------------------------------------
[ 2019-09-28T20:49:57+08:00 ] 172.16.170.169 78.188.86.79 GET /
[ info ] 47.96.126.228:80/ [运行时间：0.029142s][吞吐率：34.31req/s] [内存消耗：3,922.77kb] [文件加载：57]
[ info ] [ LANG ] /www/wwwroot/web/core/lang/zh-cn.php
[ info ] [ ROUTE ] array (
  'type' => 'module',
  'module' => 
  array (
    0 => '',
    1 => NULL,
    2 => NULL,
  ),
)
[ info ] [ HEADER ] array (
  'host' => '47.96.126.228:80',
  'user-agent' => 'Mozilla/5.0 (Windows NT 6.1; WOW64) AppleWebKit/537.36 (KHTML, like Gecko) Chrome/51.0.2704.103 Safari/537.36',
  'content-length' => '0',
  'content-type' => '',
)
[ info ] [ PARAM ] array (
)
[ info ] [ CACHE ] INIT File
[ info ] [ DB ] INIT mysql
[ info ] [ SESSION ] INIT array (
  'prefix' => 'user',
  'type' => '',
  'auto_start' => true,
)
[ info ] [ LOG ] INIT File
[ sql ] [ DB ] CONNECT:[ UseTime:0.000339s ] mysql:dbname=telrobot;host=127.0.0.1;port=3306;charset=utf8
[ sql ] [ SQL ] SHOW COLUMNS FROM `rk_config` [ RunTime:0.000697s ]
[ sql ] [ SQL ] SELECT `type`,`name`,`value` FROM `rk_config` WHERE  `status` = 1 [ RunTime:0.000164s ]
---------------------------------------------------------------
[ 2019-09-28T23:46:41+08:00 ] 172.16.170.169 23.96.127.81 GET /w00tw00t.at.blackhats.romanian.anti-sec:)
[ info ] 47.96.126.228/w00tw00t.at.blackhats.romanian.anti-sec:) [运行时间：0.014781s][吞吐率：67.65req/s] [内存消耗：1,658.05kb] [文件加载：33]
[ info ] [ LANG ] /www/wwwroot/web/core/lang/zh-cn.php
[ info ] [ ROUTE ] array (
  'type' => 'module',
  'module' => 
  array (
    0 => 'w00tw00t.at.blackhats.romanian.anti-sec:)',
    1 => NULL,
    2 => NULL,
  ),
)
[ info ] [ HEADER ] array (
  'accept' => '*/*',
  'accept-language' => 'en-us',
  'accept-encoding' => 'gzip, deflate',
  'user-agent' => 'ZmEu',
  'host' => '47.96.126.228',
  'connection' => 'Close',
  'content-type' => '',
  'content-length' => '',
)
[ info ] [ PARAM ] array (
)
[ info ] [ LOG ] INIT File
